TN:
SF:src/core/HedgerPool.sol
DA:244,0
FN:244,HedgerPool.flashLoanProtection
FNDA:0,HedgerPool.flashLoanProtection
DA:245,0
DA:247,0
DA:248,0
DA:249,0
BRDA:249,0,0,-
DA:252,15
FN:252,HedgerPool.secureOperation
FNDA:15,HedgerPool.secureOperation
DA:253,15
DA:255,14
DA:256,14
DA:257,0
BRDA:257,1,0,-
DA:260,120
FN:260,HedgerPool.secureNonReentrant
FNDA:120,HedgerPool.secureNonReentrant
DA:261,120
BRDA:261,2,0,1
DA:262,119
DA:264,118
DA:265,118
DA:266,0
BRDA:266,3,0,-
DA:269,118
FN:269,HedgerPool._packPositionOpenData
FNDA:118,HedgerPool._packPositionOpenData
DA:275,118
DA:283,36
FN:283,HedgerPool._packPositionCloseData
FNDA:36,HedgerPool._packPositionCloseData
DA:288,36
DA:296,16
FN:296,HedgerPool._packMarginData
FNDA:16,HedgerPool._packMarginData
DA:301,16
DA:308,1
FN:308,HedgerPool._packLiquidationData
FNDA:1,HedgerPool._packLiquidationData
DA:312,1
DA:318,2
FN:318,HedgerPool._packRewardData
FNDA:2,HedgerPool._packRewardData
DA:323,2
DA:344,149
FN:344,HedgerPool.constructor
FNDA:149,HedgerPool.constructor
DA:345,149
BRDA:345,4,0,-
DA:346,149
DA:347,149
DA:368,150
FN:368,HedgerPool.initialize
FNDA:150,HedgerPool.initialize
DA:376,149
DA:377,148
DA:378,147
DA:379,146
DA:380,145
DA:382,145
DA:383,145
DA:384,145
DA:385,145
DA:387,145
DA:388,145
DA:389,145
DA:391,145
DA:392,145
DA:393,145
DA:394,145
DA:395,145
BRDA:395,5,0,-
BRDA:395,5,1,145
DA:396,145
DA:398,145
DA:399,145
DA:400,145
DA:401,145
DA:403,145
DA:404,145
DA:405,145
DA:407,145
DA:408,145
DA:410,145
DA:428,120
FN:428,HedgerPool.enterHedgePosition
FNDA:120,HedgerPool.enterHedgePosition
DA:433,119
DA:434,119
DA:435,118
DA:437,118
DA:438,118
DA:440,118
DA:441,118
DA:442,118
DA:443,118
DA:444,118
DA:446,118
DA:450,118
DA:452,118
DA:454,118
DA:456,118
DA:457,118
DA:458,118
DA:459,118
DA:460,118
DA:461,118
DA:462,118
DA:463,118
DA:464,118
DA:465,118
DA:468,118
DA:469,118
BRDA:469,6,0,47
DA:470,47
DA:471,47
DA:475,118
DA:476,118
DA:478,118
DA:484,118
DA:485,118
DA:488,118
DA:489,118
DA:492,118
DA:493,118
DA:494,118
DA:495,118
DA:498,118
DA:499,118
DA:516,15
FN:516,HedgerPool.exitHedgePosition
FNDA:15,HedgerPool.exitHedgePosition
DA:521,15
DA:522,15
DA:523,13
DA:525,13
DA:526,13
DA:528,13
DA:530,13
DA:531,13
DA:532,13
DA:534,13
DA:535,13
DA:536,13
DA:538,13
DA:539,13
DA:541,13
DA:542,13
DA:544,13
DA:546,13
BRDA:546,7,0,13
DA:547,13
DA:550,13
DA:572,4
FN:572,HedgerPool.closePositionsBatch
FNDA:4,HedgerPool.closePositionsBatch
DA:577,4
BRDA:577,8,0,1
DA:578,3
BRDA:578,9,0,-
DA:579,3
BRDA:579,10,0,-
DA:582,3
DA:584,3
DA:586,3
DA:587,3
DA:590,3
DA:591,3
DA:594,3
DA:595,23
DA:602,23
DA:604,23
DA:605,23
DA:629,23
FN:629,HedgerPool._closeSinglePositionBatch
FNDA:23,HedgerPool._closeSinglePositionBatch
DA:637,23
DA:639,23
DA:640,23
DA:642,23
DA:644,23
DA:645,23
DA:646,23
DA:649,23
DA:650,23
DA:653,23
DA:654,23
DA:657,23
DA:658,23
DA:660,23
DA:662,23
BRDA:662,11,0,23
DA:663,23
DA:666,23
DA:687,38
FN:687,HedgerPool._removePositionFromArrays
FNDA:38,HedgerPool._removePositionFromArrays
DA:688,38
BRDA:688,12,0,-
DA:691,38
DA:692,38
DA:693,38
DA:695,38
BRDA:695,13,0,28
DA:696,28
DA:697,28
DA:698,28
DA:701,38
DA:704,38
DA:705,38
DA:706,38
DA:708,38
BRDA:708,14,0,28
DA:709,28
DA:710,28
DA:711,28
DA:714,38
DA:717,38
DA:718,38
DA:719,38
DA:736,4
FN:736,HedgerPool.addMargin
FNDA:4,HedgerPool.addMargin
DA:740,4
DA:741,4
DA:742,2
DA:743,2
DA:745,2
DA:747,2
BRDA:747,15,0,-
DA:748,0
DA:751,2
DA:752,2
DA:754,2
DA:756,2
DA:757,2
DA:763,2
DA:764,2
DA:765,2
DA:767,2
DA:769,2
DA:790,15
FN:790,HedgerPool.removeMargin
FNDA:15,HedgerPool.removeMargin
DA:794,15
DA:795,15
DA:796,15
DA:797,15
DA:798,15
BRDA:798,16,0,-
DA:800,15
DA:801,15
DA:802,15
DA:804,14
DA:806,14
DA:807,14
DA:808,14
DA:810,14
DA:812,14
DA:834,26
FN:834,HedgerPool.commitLiquidation
FNDA:26,HedgerPool.commitLiquidation
DA:839,26
DA:840,23
DA:841,23
BRDA:841,17,0,1
DA:843,22
DA:844,22
DA:846,21
DA:847,21
DA:849,21
DA:850,21
DA:869,2
FN:869,HedgerPool.liquidateHedger
FNDA:2,HedgerPool.liquidateHedger
DA:874,2
DA:876,2
DA:877,2
BRDA:877,18,0,-
DA:878,2
DA:880,2
DA:881,2
DA:883,1
DA:884,1
DA:885,1
DA:887,1
BRDA:887,19,0,-
DA:889,1
DA:890,1
DA:894,0
DA:897,1
DA:898,1
DA:900,1
DA:901,1
DA:902,1
DA:904,1
DA:905,1
DA:907,1
DA:908,1
DA:910,1
DA:912,1
DA:914,1
BRDA:914,20,0,1
DA:915,1
DA:918,1
DA:941,2
FN:941,HedgerPool.claimHedgingRewards
FNDA:2,HedgerPool.claimHedgingRewards
DA:950,2
DA:952,2
DA:954,2
DA:956,2
DA:957,2
DA:959,2
DA:961,2
BRDA:961,21,0,2
DA:962,2
DA:963,2
DA:964,2
DA:966,2
BRDA:966,22,0,2
DA:967,2
DA:968,2
BRDA:968,23,0,-
DA:971,2
DA:973,2
DA:993,2
FN:993,HedgerPool._updateHedgerRewards
FNDA:2,HedgerPool._updateHedgerRewards
DA:994,2
DA:996,2
BRDA:996,24,0,1
DA:997,1
DA:998,1
DA:1000,1
BRDA:1000,25,0,1
DA:1001,1
DA:1002,1
DA:1007,0
DA:1008,0
DA:1010,0
BRDA:1010,26,0,-
DA:1011,0
DA:1014,0
DA:1017,0
DA:1021,0
DA:1022,0
BRDA:1022,27,0,-
DA:1024,0
DA:1025,0
DA:1027,0
DA:1052,6
FN:1052,HedgerPool.getHedgerPosition
FNDA:6,HedgerPool.getHedgerPosition
DA:1064,6
DA:1065,6
BRDA:1065,28,0,-
DA:1067,6
DA:1068,6
BRDA:1068,29,0,-
DA:1070,6
DA:1095,4
FN:1095,HedgerPool.getHedgerMarginRatio
FNDA:4,HedgerPool.getHedgerMarginRatio
DA:1100,4
DA:1101,4
BRDA:1101,30,0,-
DA:1103,4
DA:1104,4
DA:1122,1
FN:1122,HedgerPool.isHedgerLiquidatable
FNDA:1,HedgerPool.isHedgerLiquidatable
DA:1127,1
DA:1128,1
BRDA:1128,32,0,-
DA:1130,1
DA:1147,2
FN:1147,HedgerPool._isPositionLiquidatable
FNDA:2,HedgerPool._isPositionLiquidatable
DA:1148,2
DA:1149,2
DA:1151,2
DA:1152,2
DA:1154,2
DA:1155,2
DA:1157,2
DA:1159,1
DA:1160,1
DA:1178,38
FN:1178,HedgerPool._calculatePnL
FNDA:38,HedgerPool._calculatePnL
DA:1183,38
DA:1185,38
BRDA:1185,36,0,36
BRDA:1185,36,1,2
DA:1186,36
DA:1187,36
DA:1188,36
DA:1190,2
DA:1191,2
DA:1192,2
DA:1209,0
FN:1209,HedgerPool.getTotalHedgeExposure
FNDA:0,HedgerPool.getTotalHedgeExposure
DA:1210,0
DA:1229,2
FN:1229,HedgerPool.updateHedgingParameters
FNDA:2,HedgerPool.updateHedgingParameters
DA:1235,2
DA:1236,1
BRDA:1236,37,0,-
DA:1237,1
BRDA:1237,38,0,-
DA:1238,1
BRDA:1238,39,0,-
DA:1239,1
BRDA:1239,40,0,-
DA:1241,1
DA:1242,1
DA:1243,1
DA:1244,1
DA:1261,2
FN:1261,HedgerPool.updateInterestRates
FNDA:2,HedgerPool.updateInterestRates
DA:1262,2
DA:1263,1
BRDA:1263,41,0,-
DA:1265,1
DA:1266,1
DA:1284,2
FN:1284,HedgerPool.setHedgingFees
FNDA:2,HedgerPool.setHedgingFees
DA:1289,2
DA:1290,1
DA:1291,1
DA:1292,1
DA:1294,1
DA:1295,1
DA:1296,1
DA:1313,2
FN:1313,HedgerPool.emergencyClosePosition
FNDA:2,HedgerPool.emergencyClosePosition
DA:1314,2
DA:1316,1
DA:1317,1
BRDA:1317,42,0,-
DA:1318,1
DA:1320,1
DA:1321,1
DA:1322,1
DA:1324,1
DA:1325,1
DA:1327,1
DA:1329,1
DA:1330,1
DA:1332,1
DA:1347,5
FN:1347,HedgerPool.pause
FNDA:5,HedgerPool.pause
DA:1348,5
DA:1349,4
DA:1364,1
FN:1364,HedgerPool.unpause
FNDA:1,HedgerPool.unpause
DA:1365,1
DA:1366,1
DA:1384,5
FN:1384,HedgerPool.hasPendingLiquidationCommitment
FNDA:5,HedgerPool.hasPendingLiquidationCommitment
DA:1389,5
DA:1410,2
FN:1410,HedgerPool.getHedgingConfig
FNDA:2,HedgerPool.getHedgingConfig
DA:1418,2
DA:1447,0
FN:1447,HedgerPool.getMaxValues
FNDA:0,HedgerPool.getMaxValues
DA:1456,0
DA:1480,2
FN:1480,HedgerPool.isHedgingActive
FNDA:2,HedgerPool.isHedgingActive
DA:1481,2
DA:1498,1
FN:1498,HedgerPool.clearExpiredLiquidationCommitment
FNDA:1,HedgerPool.clearExpiredLiquidationCommitment
DA:1499,1
DA:1500,1
BRDA:1500,43,0,1
DA:1501,1
DA:1520,2
FN:1520,HedgerPool.cancelLiquidationCommitment
FNDA:2,HedgerPool.cancelLiquidationCommitment
DA:1521,2
DA:1522,1
DA:1523,1
DA:1525,1
DA:1526,1
DA:1527,1
DA:1545,2
FN:1545,HedgerPool._hasPendingLiquidationCommitment
FNDA:2,HedgerPool._hasPendingLiquidationCommitment
DA:1546,2
DA:1563,5
FN:1563,HedgerPool.recoverToken
FNDA:5,HedgerPool.recoverToken
DA:1564,5
DA:1566,4
DA:1581,3
FN:1581,HedgerPool.recoverETH
FNDA:3,HedgerPool.recoverETH
DA:1582,3
DA:1584,2
DA:1585,2
DA:1601,0
FN:1601,HedgerPool.updateTreasury
FNDA:0,HedgerPool.updateTreasury
DA:1602,0
DA:1603,0
DA:1604,0
DA:1605,0
BRDA:1605,44,0,-
BRDA:1605,44,1,-
DA:1606,0
DA:1607,0
FNF:43
FNH:39
LF:396
LH:365
BRF:44
BRH:17
end_of_record
TN:
SF:src/core/QEUROToken.sol
DA:262,2
FN:262,QEUROToken.flashLoanProtection
FNDA:2,QEUROToken.flashLoanProtection
DA:263,2
DA:265,1
DA:266,1
BRDA:266,0,0,-
BRDA:266,0,1,6
DA:289,142
FN:289,QEUROToken.constructor
FNDA:142,QEUROToken.constructor
DA:291,142
DA:323,861
FN:323,QEUROToken.initialize
FNDA:861,QEUROToken.initialize
DA:330,142
DA:331,141
DA:332,140
DA:333,140
DA:336,140
DA:337,140
DA:338,140
DA:339,140
DA:342,140
DA:343,140
DA:344,140
DA:345,140
DA:346,140
DA:347,140
DA:350,140
DA:351,140
DA:352,140
DA:353,140
DA:354,140
DA:355,140
DA:356,140
BRDA:356,1,0,-
BRDA:356,1,1,140
DA:357,140
DA:396,774
FN:396,QEUROToken.mint
FNDA:774,QEUROToken.mint
DA:402,41
DA:405,2
BRDA:405,2,0,2
DA:409,36
DA:410,36
BRDA:410,3,0,1
DA:411,1
DA:415,35
DA:421,34
DA:424,34
DA:445,761
FN:445,QEUROToken.batchMint
FNDA:761,QEUROToken.batchMint
DA:451,4
BRDA:451,4,0,1
DA:452,3
BRDA:452,5,0,1
DA:454,2
DA:457,2
DA:458,102
DA:459,102
DA:461,102
BRDA:461,6,0,-
DA:462,102
BRDA:462,7,0,-
DA:464,0
BRDA:464,8,0,-
DA:465,102
BRDA:465,9,0,-
DA:468,102
DA:472,2
BRDA:472,10,0,-
DA:475,2
DA:477,2
DA:480,2
DA:481,102
DA:482,102
DA:515,845
FN:515,QEUROToken.burn
FNDA:845,QEUROToken.burn
DA:522,10
DA:525,7
DA:528,6
DA:531,6
DA:551,839
FN:551,QEUROToken.batchBurn
FNDA:839,QEUROToken.batchBurn
DA:557,2
BRDA:557,11,0,-
DA:558,2
BRDA:558,12,0,1
DA:560,1
DA:563,1
DA:564,2
DA:565,2
DA:567,2
BRDA:567,13,0,-
DA:568,2
BRDA:568,14,0,-
DA:569,2
BRDA:569,15,0,-
DA:572,2
DA:576,1
DA:578,1
DA:581,1
DA:582,2
DA:583,2
DA:604,37
FN:604,QEUROToken._checkAndUpdateMintRateLimit
FNDA:37,QEUROToken._checkAndUpdateMintRateLimit
DA:606,37
DA:609,37
BRDA:609,16,0,-
DA:610,0
DA:613,37
BRDA:613,17,0,11
DA:614,11
DA:615,11
DA:616,11
DA:617,11
DA:621,37
BRDA:621,18,0,1
DA:622,1
DA:627,36
DA:644,8
FN:644,QEUROToken._checkAndUpdateBurnRateLimit
FNDA:8,QEUROToken._checkAndUpdateBurnRateLimit
DA:646,8
DA:649,8
BRDA:649,19,0,-
DA:650,0
DA:653,8
BRDA:653,20,0,-
DA:654,0
DA:655,0
DA:656,0
DA:657,0
DA:661,8
BRDA:661,21,0,1
DA:662,1
DA:667,7
DA:692,742
FN:692,QEUROToken.updateRateLimits
FNDA:742,QEUROToken.updateRateLimits
DA:696,5
DA:697,4
DA:698,3
BRDA:698,22,0,1
DA:699,2
BRDA:699,23,0,1
DA:701,1
DA:703,1
DA:731,688
FN:731,QEUROToken.blacklistAddress
FNDA:688,QEUROToken.blacklistAddress
DA:735,7
DA:736,1
BRDA:736,24,0,1
DA:738,5
DA:739,5
DA:761,820
FN:761,QEUROToken.unblacklistAddress
FNDA:820,QEUROToken.unblacklistAddress
DA:765,3
BRDA:765,25,0,1
DA:767,2
DA:768,2
DA:791,827
FN:791,QEUROToken.whitelistAddress
FNDA:827,QEUROToken.whitelistAddress
DA:795,7
DA:796,1
BRDA:796,26,0,1
DA:798,5
DA:799,5
DA:821,690
FN:821,QEUROToken.unwhitelistAddress
FNDA:690,QEUROToken.unwhitelistAddress
DA:825,2
BRDA:825,27,0,1
DA:827,1
DA:828,1
DA:849,633
FN:849,QEUROToken.toggleWhitelistMode
FNDA:633,QEUROToken.toggleWhitelistMode
DA:853,4
DA:854,4
DA:871,815
FN:871,QEUROToken.batchBlacklistAddresses
FNDA:815,QEUROToken.batchBlacklistAddresses
DA:875,1
BRDA:875,28,0,-
DA:876,1
BRDA:876,29,0,-
DA:878,1
DA:879,2
DA:880,2
DA:881,0
BRDA:881,30,0,-
DA:883,2
DA:884,2
DA:901,803
FN:901,QEUROToken.batchUnblacklistAddresses
FNDA:803,QEUROToken.batchUnblacklistAddresses
DA:905,1
BRDA:905,31,0,-
DA:907,1
DA:908,2
DA:909,2
BRDA:909,32,0,-
DA:911,2
DA:912,2
DA:929,828
FN:929,QEUROToken.batchWhitelistAddresses
FNDA:828,QEUROToken.batchWhitelistAddresses
DA:933,3
BRDA:933,33,0,1
DA:935,2
DA:936,52
DA:937,52
DA:938,0
BRDA:938,34,0,-
DA:940,52
DA:941,52
DA:958,709
FN:958,QEUROToken.batchUnwhitelistAddresses
FNDA:709,QEUROToken.batchUnwhitelistAddresses
DA:962,1
BRDA:962,35,0,-
DA:964,1
DA:965,2
DA:966,2
BRDA:966,36,0,-
DA:968,2
DA:969,2
DA:997,606
FN:997,QEUROToken.updateMinPricePrecision
FNDA:606,QEUROToken.updateMinPricePrecision
DA:1001,3
DA:1002,2
BRDA:1002,37,0,1
DA:1004,1
DA:1005,1
DA:1007,1
DA:1031,6
FN:1031,QEUROToken.normalizePrice
FNDA:6,QEUROToken.normalizePrice
DA:1036,6
BRDA:1036,38,0,1
DA:1037,5
DA:1039,4
BRDA:1039,39,0,1
BRDA:1039,39,1,-
DA:1040,1
DA:1041,3
BRDA:1041,40,0,3
BRDA:1041,40,1,-
DA:1043,3
DA:1047,0
DA:1072,2
FN:1072,QEUROToken.validatePricePrecision
FNDA:2,QEUROToken.validatePricePrecision
DA:1077,2
DA:1079,1
DA:1080,1
DA:1112,691
FN:1112,QEUROToken.pause
FNDA:691,QEUROToken.pause
DA:1113,6
DA:1134,636
FN:1134,QEUROToken.unpause
FNDA:636,QEUROToken.unpause
DA:1135,2
DA:1160,3
FN:1160,QEUROToken.decimals
FNDA:3,QEUROToken.decimals
DA:1161,4
DA:1183,0
FN:1183,QEUROToken.isMinter
FNDA:0,QEUROToken.isMinter
DA:1184,0
DA:1206,0
FN:1206,QEUROToken.isBurner
FNDA:0,QEUROToken.isBurner
DA:1207,0
DA:1231,3
FN:1231,QEUROToken.getSupplyUtilization
FNDA:3,QEUROToken.getSupplyUtilization
DA:1232,3
DA:1233,3
DA:1236,2
DA:1258,0
FN:1258,QEUROToken.getRemainingMintCapacity
FNDA:0,QEUROToken.getRemainingMintCapacity
DA:1259,0
DA:1260,0
BRDA:1260,43,0,-
DA:1261,0
DA:1263,0
DA:1290,0
FN:1290,QEUROToken.getRateLimitStatus
FNDA:0,QEUROToken.getRateLimitStatus
DA:1297,0
DA:1299,0
BRDA:1299,44,0,-
BRDA:1299,44,1,-
DA:1300,0
DA:1301,0
DA:1303,0
DA:1304,0
DA:1307,0
DA:1308,0
DA:1309,0
DA:1329,760
FN:1329,QEUROToken.batchTransfer
FNDA:760,QEUROToken.batchTransfer
DA:1334,760
BRDA:1334,45,0,746
DA:1335,14
BRDA:1335,46,0,1
DA:1338,13
DA:1339,13
DA:1342,13
DA:1343,266
DA:1344,266
DA:1346,266
BRDA:1346,47,0,-
DA:1347,266
BRDA:1347,48,0,12
DA:1350,0
BRDA:1350,49,0,-
DA:1351,0
BRDA:1351,50,0,-
DA:1352,254
BRDA:1352,51,0,-
DA:1354,254
DA:1358,1
DA:1359,2
DA:1361,2
DA:1364,1
DA:1394,784
FN:1394,QEUROToken._update
FNDA:784,QEUROToken._update
DA:1400,784
BRDA:1400,52,0,-
DA:1401,0
DA:1403,784
BRDA:1403,53,0,-
DA:1404,0
DA:1408,784
BRDA:1408,54,0,-
DA:1409,0
DA:1412,784
DA:1445,619
FN:1445,QEUROToken.recoverToken
FNDA:619,QEUROToken.recoverToken
DA:1450,2
DA:1465,835
FN:1465,QEUROToken.recoverETH
FNDA:835,QEUROToken.recoverETH
DA:1467,2
DA:1469,2
DA:1499,676
FN:1499,QEUROToken.updateMaxSupply
FNDA:676,QEUROToken.updateMaxSupply
DA:1503,3
BRDA:1503,55,0,1
DA:1504,2
DA:1506,1
DA:1507,1
DA:1509,1
DA:1525,673
FN:1525,QEUROToken.updateTreasury
FNDA:673,QEUROToken.updateTreasury
DA:1526,0
DA:1527,0
DA:1528,0
BRDA:1528,56,0,-
BRDA:1528,56,1,-
DA:1529,0
DA:1530,0
DA:1559,1
FN:1559,QEUROToken.getTokenInfo
FNDA:1,QEUROToken.getTokenInfo
DA:1574,1
DA:1600,6
FN:1600,QEUROToken.mintRateLimit
FNDA:6,QEUROToken.mintRateLimit
DA:1601,6
DA:1617,3
FN:1617,QEUROToken.burnRateLimit
FNDA:3,QEUROToken.burnRateLimit
DA:1618,3
FNF:39
FNH:35
LF:256
LH:217
BRF:61
BRH:25
end_of_record
TN:
SF:src/core/QTIToken.sol
DA:324,786
FN:324,QTIToken.flashLoanProtection
FNDA:786,QTIToken.flashLoanProtection
DA:325,786
DA:327,41
DA:328,41
BRDA:328,0,0,-
BRDA:328,0,1,1
DA:351,128
FN:351,QTIToken.constructor
FNDA:128,QTIToken.constructor
DA:352,128
BRDA:352,1,0,-
DA:353,128
DA:354,128
DA:372,965
FN:372,QTIToken.initialize
FNDA:965,QTIToken.initialize
DA:377,128
DA:378,127
DA:379,126
DA:381,126
DA:382,126
DA:383,126
DA:384,126
DA:386,126
DA:387,126
DA:388,126
DA:390,126
DA:391,126
BRDA:391,2,0,-
BRDA:391,2,1,126
DA:392,126
DA:395,126
DA:396,126
DA:397,126
DA:398,126
DA:400,126
DA:401,126
DA:402,126
DA:426,787
FN:426,QTIToken.lock
FNDA:787,QTIToken.lock
DA:427,786
DA:428,765
BRDA:428,3,0,212
DA:429,553
BRDA:429,4,0,510
DA:430,43
BRDA:430,5,0,2
DA:433,41
BRDA:433,6,0,-
DA:434,41
BRDA:434,7,0,-
DA:436,41
DA:437,41
DA:441,41
DA:442,41
BRDA:442,8,0,-
DA:446,41
BRDA:446,9,0,1
DA:447,1
DA:448,1
BRDA:448,10,0,-
DA:452,41
DA:453,41
DA:454,41
BRDA:454,11,0,-
DA:457,41
DA:458,41
BRDA:458,12,0,-
DA:461,41
DA:462,41
DA:463,41
DA:464,41
DA:465,41
DA:468,41
DA:469,41
DA:472,41
DA:474,41
DA:476,41
DA:477,41
DA:493,667
FN:493,QTIToken.unlock
FNDA:667,QTIToken.unlock
DA:494,667
DA:496,667
BRDA:496,13,0,1
DA:497,666
BRDA:497,14,0,665
DA:501,1
DA:502,1
DA:505,1
DA:506,1
DA:507,1
DA:510,1
DA:511,1
DA:514,1
DA:516,1
DA:517,1
DA:535,629
FN:535,QTIToken.batchLock
FNDA:629,QTIToken.batchLock
DA:541,629
DA:543,2
DA:544,2
BRDA:544,15,0,-
DA:546,2
DA:547,2
DA:548,2
DA:550,2
DA:557,2
DA:559,2
DA:576,629
FN:576,QTIToken._validateBatchLockInputs
FNDA:629,QTIToken._validateBatchLockInputs
DA:577,629
BRDA:577,16,0,617
DA:578,12
BRDA:578,17,0,10
DA:596,2
FN:596,QTIToken._validateAndCalculateTotalAmount
FNDA:2,QTIToken._validateAndCalculateTotalAmount
DA:600,2
DA:601,2
DA:603,2
DA:604,102
DA:605,102
BRDA:605,18,0,-
DA:606,102
BRDA:606,19,0,-
DA:607,102
BRDA:607,20,0,-
DA:608,102
BRDA:608,21,0,-
DA:610,102
DA:632,2
FN:632,QTIToken._processBatchLocks
FNDA:2,QTIToken._processBatchLocks
DA:638,2
DA:639,2
DA:640,2
DA:643,2
DA:644,2
DA:646,2
DA:647,102
DA:648,102
DA:650,102
DA:651,102
DA:652,102
DA:655,102
DA:656,102
DA:658,102
DA:660,102
DA:664,2
DA:683,102
FN:683,QTIToken._calculateUnlockTime
FNDA:102,QTIToken._calculateUnlockTime
DA:688,102
DA:689,102
BRDA:689,22,0,-
DA:692,102
BRDA:692,23,0,-
DA:693,0
DA:694,0
BRDA:694,24,0,-
DA:713,102
FN:713,QTIToken._calculateVotingPower
FNDA:102,QTIToken._calculateVotingPower
DA:714,102
DA:715,102
DA:716,102
BRDA:716,25,0,-
DA:717,102
DA:737,2
FN:737,QTIToken._updateLockInfo
FNDA:2,QTIToken._updateLockInfo
DA:744,2
BRDA:744,26,0,-
DA:745,2
BRDA:745,27,0,-
DA:747,2
DA:748,2
DA:749,2
DA:750,2
DA:751,2
DA:769,2
FN:769,QTIToken._updateGlobalTotalsAndTransfer
FNDA:2,QTIToken._updateGlobalTotalsAndTransfer
DA:774,2
DA:775,2
DA:776,2
DA:793,762
FN:793,QTIToken.batchUnlock
FNDA:762,QTIToken.batchUnlock
DA:799,2
BRDA:799,28,0,1
DA:801,1
DA:804,1
DA:805,1
DA:808,1
DA:809,1
DA:811,1
DA:812,2
DA:813,2
DA:815,2
BRDA:815,29,0,-
DA:816,2
BRDA:816,30,0,-
DA:818,2
DA:819,2
DA:820,2
DA:823,2
DA:824,2
DA:827,2
DA:828,2
DA:829,2
DA:832,2
DA:834,2
DA:835,2
DA:837,2
DA:842,1
DA:843,1
DA:862,725
FN:862,QTIToken.batchTransfer
FNDA:725,QTIToken.batchTransfer
DA:868,725
BRDA:868,31,0,711
DA:869,14
BRDA:869,32,0,12
DA:872,2
DA:873,7
BRDA:873,33,0,-
DA:874,7
BRDA:874,34,0,1
DA:878,1
DA:881,1
DA:882,2
DA:885,1
DA:902,9
FN:902,QTIToken.getVotingPower
FNDA:9,QTIToken.getVotingPower
DA:903,9
DA:906,9
BRDA:906,35,0,1
DA:907,1
DA:911,8
BRDA:911,36,0,-
DA:912,0
DA:917,8
DA:918,8
DA:922,8
BRDA:922,37,0,6
DA:923,6
DA:926,2
DA:943,696
FN:943,QTIToken.updateVotingPower
FNDA:696,QTIToken.updateVotingPower
DA:944,696
DA:966,7
FN:966,QTIToken.getLockInfo
FNDA:7,QTIToken.getLockInfo
DA:974,7
DA:975,7
DA:1005,746
FN:1005,QTIToken.createProposal
FNDA:746,QTIToken.createProposal
DA:1011,745
DA:1012,745
BRDA:1012,38,0,1
DA:1013,744
BRDA:1013,39,0,1
DA:1014,743
BRDA:1014,40,0,717
DA:1016,26
DA:1018,26
DA:1019,26
DA:1020,26
DA:1021,26
DA:1022,26
DA:1023,26
DA:1026,26
DA:1027,26
DA:1028,26
DA:1030,26
DA:1047,716
FN:1047,QTIToken.vote
FNDA:716,QTIToken.vote
DA:1048,716
DA:1049,716
BRDA:1049,41,0,-
DA:1050,716
BRDA:1050,42,0,705
DA:1051,1
BRDA:1051,43,0,1
DA:1054,10
DA:1055,10
BRDA:1055,44,0,1
DA:1057,9
DA:1063,8
BRDA:1063,45,0,8
BRDA:1063,45,1,1
DA:1064,8
DA:1066,1
DA:1069,9
DA:1086,639
FN:1086,QTIToken.batchVote
FNDA:639,QTIToken.batchVote
DA:1087,639
BRDA:1087,46,0,637
DA:1088,2
BRDA:1088,47,0,1
DA:1091,1
DA:1092,1
BRDA:1092,48,0,-
DA:1095,1
DA:1096,1
DA:1099,1
DA:1100,2
DA:1101,2
DA:1103,2
DA:1104,2
BRDA:1104,49,0,-
DA:1105,2
BRDA:1105,50,0,-
DA:1106,0
BRDA:1106,51,0,-
DA:1108,2
DA:1114,1
BRDA:1114,52,0,1
BRDA:1114,52,1,1
DA:1115,1
DA:1117,1
DA:1120,2
DA:1138,797
FN:1138,QTIToken.executeProposal
FNDA:797,QTIToken.executeProposal
DA:1139,797
DA:1140,797
BRDA:1140,53,0,1
DA:1141,0
BRDA:1141,54,0,-
DA:1142,0
BRDA:1142,55,0,-
DA:1143,796
BRDA:1143,56,0,793
DA:1144,3
BRDA:1144,57,0,1
DA:1147,2
DA:1150,2
BRDA:1150,58,0,-
DA:1151,0
DA:1152,0
BRDA:1152,59,0,-
DA:1154,0
DA:1158,2
DA:1165,0
FN:1165,QTIToken._verifyCallResult
FNDA:0,QTIToken._verifyCallResult
DA:1166,0
BRDA:1166,60,0,-
DA:1167,0
DA:1187,0
FN:1187,QTIToken.getProposalExecutionInfo
FNDA:0,QTIToken.getProposalExecutionInfo
DA:1192,0
DA:1193,0
DA:1194,0
DA:1211,0
FN:1211,QTIToken.getProposalExecutionHash
FNDA:0,QTIToken.getProposalExecutionHash
DA:1212,0
DA:1228,803
FN:1228,QTIToken.cancelProposal
FNDA:803,QTIToken.cancelProposal
DA:1229,803
DA:1230,803
BRDA:1230,61,0,801
DA:1231,801
DA:1233,0
BRDA:1233,62,0,-
DA:1234,0
BRDA:1234,63,0,-
DA:1236,2
DA:1237,2
DA:1261,3
FN:1261,QTIToken.getProposal
FNDA:3,QTIToken.getProposal
DA:1271,3
DA:1272,3
DA:1301,3
FN:1301,QTIToken.getReceipt
FNDA:3,QTIToken.getReceipt
DA:1306,3
DA:1307,3
DA:1331,731
FN:1331,QTIToken.updateGovernanceParameters
FNDA:731,QTIToken.updateGovernanceParameters
DA:1336,71
DA:1337,71
DA:1338,71
DA:1340,71
DA:1358,637
FN:1358,QTIToken.updateTreasury
FNDA:637,QTIToken.updateTreasury
DA:1359,2
DA:1360,1
DA:1361,1
BRDA:1361,64,0,-
BRDA:1361,64,1,1
DA:1362,1
DA:1381,646
FN:1381,QTIToken.updateDecentralizationLevel
FNDA:646,QTIToken.updateDecentralizationLevel
DA:1382,1
DA:1385,1
BRDA:1385,65,0,-
DA:1386,0
DA:1389,1
DA:1391,1
BRDA:1391,66,0,-
DA:1393,1
DA:1394,1
DA:1415,143
FN:1415,QTIToken._calculateVotingPowerMultiplier
FNDA:143,QTIToken._calculateVotingPowerMultiplier
DA:1418,143
DA:1419,143
DA:1436,1452
FN:1436,QTIToken._updateVotingPower
FNDA:1452,QTIToken._updateVotingPower
DA:1437,1452
DA:1440,1452
BRDA:1440,67,0,1424
BRDA:1440,67,1,-
DA:1441,1424
DA:1445,28
DA:1446,28
DA:1448,28
BRDA:1448,68,0,28
BRDA:1448,68,1,-
DA:1449,28
DA:1451,0
DA:1457,1452
DA:1458,1452
BRDA:1458,69,0,-
DA:1459,1452
DA:1462,1452
DA:1464,1452
DA:1486,1
FN:1486,QTIToken.decimals
FNDA:1,QTIToken.decimals
DA:1487,1
DA:1508,658
FN:1508,QTIToken.pause
FNDA:658,QTIToken.pause
DA:1509,3
DA:1524,707
FN:1524,QTIToken.unpause
FNDA:707,QTIToken.unpause
DA:1525,1
DA:1546,778
FN:1546,QTIToken.recoverToken
FNDA:778,QTIToken.recoverToken
DA:1548,2
DA:1563,763
FN:1563,QTIToken.recoverETH
FNDA:763,QTIToken.recoverETH
DA:1565,2
DA:1567,2
DA:1591,1
FN:1591,QTIToken.getGovernanceInfo
FNDA:1,QTIToken.getGovernanceInfo
DA:1598,1
FNF:39
FNH:36
LF:319
LH:297
BRF:77
BRH:35
end_of_record
TN:
SF:src/core/QuantillonVault.sol
DA:223,6
FN:223,QuantillonVault.flashLoanProtection
FNDA:6,QuantillonVault.flashLoanProtection
DA:224,6
DA:226,3
DA:227,3
BRDA:227,0,0,-
BRDA:227,0,1,10
DA:250,49
FN:250,QuantillonVault.constructor
FNDA:49,QuantillonVault.constructor
DA:251,49
DA:277,50
FN:277,QuantillonVault.initialize
FNDA:50,QuantillonVault.initialize
DA:285,49
BRDA:285,1,0,1
BRDA:285,1,1,48
DA:286,48
BRDA:286,2,0,1
BRDA:286,2,1,47
DA:287,47
BRDA:287,3,0,1
BRDA:287,3,1,46
DA:288,46
BRDA:288,4,0,1
BRDA:288,4,1,45
DA:289,45
BRDA:289,5,0,-
BRDA:289,5,1,45
DA:292,45
DA:293,45
DA:294,45
DA:295,45
DA:298,45
DA:299,45
DA:300,45
DA:303,45
DA:304,45
DA:305,45
DA:306,45
DA:309,45
DA:310,45
DA:313,45
DA:314,45
DA:346,14
FN:346,QuantillonVault.mintQEURO
FNDA:14,QuantillonVault.mintQEURO
DA:351,13
BRDA:351,6,0,1
BRDA:351,6,1,12
DA:354,12
DA:355,12
BRDA:355,7,0,1
BRDA:355,7,1,11
DA:357,11
BRDA:357,8,0,-
DA:358,0
DA:360,0
DA:362,0
BRDA:362,9,0,-
DA:363,0
DA:364,0
DA:369,11
DA:370,11
DA:372,11
DA:375,11
DA:376,11
DA:381,11
DA:384,11
BRDA:384,10,0,1
BRDA:384,10,1,10
DA:387,10
DA:391,10
DA:392,10
DA:396,10
DA:398,10
DA:422,7
FN:422,QuantillonVault.redeemQEURO
FNDA:7,QuantillonVault.redeemQEURO
DA:427,6
BRDA:427,11,0,1
BRDA:427,11,1,5
DA:430,5
DA:431,5
BRDA:431,12,0,-
BRDA:431,12,1,5
DA:433,5
BRDA:433,13,0,-
DA:434,0
DA:436,0
DA:438,0
BRDA:438,14,0,-
DA:439,0
DA:440,0
DA:445,5
DA:446,5
DA:448,5
DA:453,5
DA:456,5
BRDA:456,15,0,1
BRDA:456,15,1,4
DA:459,4
DA:460,4
DA:463,4
BRDA:463,16,0,1
BRDA:463,16,1,3
DA:470,3
DA:471,3
DA:475,3
DA:478,3
DA:480,3
DA:506,1
FN:506,QuantillonVault.getVaultMetrics
FNDA:1,QuantillonVault.getVaultMetrics
DA:515,1
DA:516,1
DA:518,1
DA:519,1
BRDA:519,17,0,1
BRDA:519,17,1,-
DA:520,1
DA:522,0
DA:541,3
FN:541,QuantillonVault.calculateMintAmount
FNDA:3,QuantillonVault.calculateMintAmount
DA:546,3
DA:547,3
DA:549,2
DA:550,2
DA:551,2
DA:569,3
FN:569,QuantillonVault.calculateRedeemAmount
FNDA:3,QuantillonVault.calculateRedeemAmount
DA:574,3
DA:575,3
DA:577,2
DA:578,2
DA:579,2
DA:604,4
FN:604,QuantillonVault.updateParameters
FNDA:4,QuantillonVault.updateParameters
DA:608,3
BRDA:608,20,0,1
BRDA:608,20,1,2
DA:609,2
BRDA:609,21,0,1
BRDA:609,21,1,1
DA:611,1
DA:612,1
DA:614,1
DA:632,3
FN:632,QuantillonVault.updateOracle
FNDA:3,QuantillonVault.updateOracle
DA:633,2
BRDA:633,22,0,1
BRDA:633,22,1,1
DA:634,1
DA:653,0
FN:653,QuantillonVault.updatePriceProtectionParams
FNDA:0,QuantillonVault.updatePriceProtectionParams
DA:657,0
BRDA:657,23,0,-
BRDA:657,23,1,-
DA:658,0
BRDA:658,24,0,-
BRDA:658,24,1,-
DA:663,0
DA:681,4
FN:681,QuantillonVault.withdrawProtocolFees
FNDA:4,QuantillonVault.withdrawProtocolFees
DA:682,3
BRDA:682,25,0,1
BRDA:682,25,1,2
DA:685,2
DA:686,2
BRDA:686,26,0,1
BRDA:686,26,1,1
DA:688,1
DA:689,1
DA:709,16
FN:709,QuantillonVault._updatePriceTimestamp
FNDA:16,QuantillonVault._updatePriceTimestamp
DA:710,16
BRDA:710,27,0,16
DA:711,16
DA:731,0
FN:731,QuantillonVault.getPriceProtectionStatus
FNDA:0,QuantillonVault.getPriceProtectionStatus
DA:737,0
DA:768,6
FN:768,QuantillonVault.pause
FNDA:6,QuantillonVault.pause
DA:769,5
DA:784,2
FN:784,QuantillonVault.unpause
FNDA:2,QuantillonVault.unpause
DA:785,1
DA:815,6
FN:815,QuantillonVault.recoverToken
FNDA:6,QuantillonVault.recoverToken
DA:820,5
DA:841,3
FN:841,QuantillonVault.recoverETH
FNDA:3,QuantillonVault.recoverETH
DA:843,2
FNF:18
FNH:16
LF:123
LH:106
BRF:47
BRH:35
end_of_record
TN:
SF:src/core/SecureUpgradeable.sol
DA:38,1677
FN:38,SecureUpgradeable.onlyTimelock
FNDA:1677,SecureUpgradeable.onlyTimelock
DA:39,1677
BRDA:39,0,0,1677
BRDA:39,0,1,-
DA:62,740
FN:62,SecureUpgradeable.__SecureUpgradeable_init
FNDA:740,SecureUpgradeable.__SecureUpgradeable_init
DA:63,740
DA:64,740
DA:66,740
DA:67,740
DA:69,740
DA:70,740
DA:88,1197
FN:88,SecureUpgradeable.setTimelock
FNDA:1197,SecureUpgradeable.setTimelock
DA:89,0
BRDA:89,1,0,-
BRDA:89,1,1,-
DA:90,0
DA:91,0
DA:107,1581
FN:107,SecureUpgradeable.toggleSecureUpgrades
FNDA:1581,SecureUpgradeable.toggleSecureUpgrades
DA:108,0
DA:109,0
DA:127,1540
FN:127,SecureUpgradeable.proposeUpgrade
FNDA:1540,SecureUpgradeable.proposeUpgrade
DA:132,0
BRDA:132,2,0,-
BRDA:132,2,1,-
DA:133,0
BRDA:133,3,0,-
BRDA:133,3,1,-
DA:135,0
DA:151,1677
FN:151,SecureUpgradeable.executeUpgrade
FNDA:1677,SecureUpgradeable.executeUpgrade
DA:152,0
DA:153,0
DA:170,1342
FN:170,SecureUpgradeable.emergencyUpgrade
FNDA:1342,SecureUpgradeable.emergencyUpgrade
DA:174,0
BRDA:174,4,0,-
BRDA:174,4,1,-
DA:176,0
DA:177,0
DA:179,0
DA:189,0
FN:189,SecureUpgradeable._authorizeUpgrade
FNDA:0,SecureUpgradeable._authorizeUpgrade
DA:191,0
BRDA:191,5,0,-
BRDA:191,5,1,-
DA:192,0
BRDA:192,6,0,-
BRDA:192,6,1,-
DA:195,0
BRDA:195,7,0,-
BRDA:195,7,1,-
DA:198,0
BRDA:198,8,0,-
BRDA:198,8,1,-
DA:217,0
FN:217,SecureUpgradeable.isUpgradePending
FNDA:0,SecureUpgradeable.isUpgradePending
DA:218,0
DA:220,0
DA:221,0
DA:238,0
FN:238,SecureUpgradeable.getPendingUpgrade
FNDA:0,SecureUpgradeable.getPendingUpgrade
DA:239,0
BRDA:239,10,0,-
DA:240,0
DA:250,0
DA:267,0
FN:267,SecureUpgradeable.canExecuteUpgrade
FNDA:0,SecureUpgradeable.canExecuteUpgrade
DA:268,0
DA:269,0
DA:287,0
FN:287,SecureUpgradeable.getUpgradeSecurityStatus
FNDA:0,SecureUpgradeable.getUpgradeSecurityStatus
DA:292,0
DA:313,1454
FN:313,SecureUpgradeable.emergencyDisableSecureUpgrades
FNDA:1454,SecureUpgradeable.emergencyDisableSecureUpgrades
DA:314,0
DA:315,0
DA:330,1566
FN:330,SecureUpgradeable.enableSecureUpgrades
FNDA:1566,SecureUpgradeable.enableSecureUpgrades
DA:331,0
BRDA:331,12,0,-
BRDA:331,12,1,-
DA:332,0
DA:333,0
FNF:14
FNH:9
LF:53
LH:16
BRF:21
BRH:1
end_of_record
TN:
SF:src/core/TimelockUpgradeable.sol
DA:114,0
FN:114,TimelockUpgradeable.onlyMultisigSigner
FNDA:0,TimelockUpgradeable.onlyMultisigSigner
DA:115,0
BRDA:115,0,0,-
BRDA:115,0,1,-
DA:119,0
FN:119,TimelockUpgradeable.onlyEmergencyUpgrader
FNDA:0,TimelockUpgradeable.onlyEmergencyUpgrader
DA:120,0
BRDA:120,1,0,-
BRDA:120,1,1,-
DA:142,40
FN:142,TimelockUpgradeable.initialize
FNDA:40,TimelockUpgradeable.initialize
DA:143,40
DA:144,40
DA:146,40
DA:147,40
DA:148,40
DA:149,40
DA:150,40
DA:153,40
DA:173,0
FN:173,TimelockUpgradeable.proposeUpgrade
FNDA:0,TimelockUpgradeable.proposeUpgrade
DA:178,0
BRDA:178,2,0,-
BRDA:178,2,1,-
DA:179,0
BRDA:179,3,0,-
BRDA:179,3,1,-
DA:181,0
DA:182,0
BRDA:182,4,0,-
BRDA:182,4,1,-
DA:184,0
DA:185,0
DA:187,0
DA:196,0
DA:212,0
FN:212,TimelockUpgradeable.approveUpgrade
FNDA:0,TimelockUpgradeable.approveUpgrade
DA:213,0
DA:214,0
BRDA:214,5,0,-
BRDA:214,5,1,-
DA:215,0
BRDA:215,6,0,-
BRDA:215,6,1,-
DA:217,0
DA:218,0
DA:220,0
DA:236,0
FN:236,TimelockUpgradeable.revokeUpgradeApproval
FNDA:0,TimelockUpgradeable.revokeUpgradeApproval
DA:237,0
BRDA:237,7,0,-
BRDA:237,7,1,-
DA:239,0
DA:240,0
DA:242,0
DA:258,0
FN:258,TimelockUpgradeable.executeUpgrade
FNDA:0,TimelockUpgradeable.executeUpgrade
DA:259,0
DA:260,0
BRDA:260,8,0,-
BRDA:260,8,1,-
DA:261,0
BRDA:261,9,0,-
BRDA:261,9,1,-
DA:262,0
BRDA:262,10,0,-
BRDA:262,10,1,-
DA:268,0
DA:271,0
DA:273,0
DA:289,0
FN:289,TimelockUpgradeable.cancelUpgrade
FNDA:0,TimelockUpgradeable.cancelUpgrade
DA:290,0
DA:291,0
BRDA:291,11,0,-
BRDA:291,11,1,-
DA:292,0
BRDA:292,12,0,-
BRDA:292,12,1,-
DA:297,0
DA:298,0
DA:300,0
DA:317,0
FN:317,TimelockUpgradeable.emergencyUpgrade
FNDA:0,TimelockUpgradeable.emergencyUpgrade
DA:321,0
BRDA:321,13,0,-
BRDA:321,13,1,-
DA:324,0
BRDA:324,14,0,-
DA:325,0
DA:326,0
DA:329,0
DA:338,0
DA:339,0
DA:357,0
FN:357,TimelockUpgradeable.addMultisigSigner
FNDA:0,TimelockUpgradeable.addMultisigSigner
DA:358,0
BRDA:358,15,0,-
BRDA:358,15,1,-
DA:359,0
BRDA:359,16,0,-
BRDA:359,16,1,-
DA:360,0
BRDA:360,17,0,-
BRDA:360,17,1,-
DA:362,0
DA:363,0
DA:365,0
DA:381,0
FN:381,TimelockUpgradeable.removeMultisigSigner
FNDA:0,TimelockUpgradeable.removeMultisigSigner
DA:382,0
BRDA:382,18,0,-
BRDA:382,18,1,-
DA:383,0
BRDA:383,19,0,-
BRDA:383,19,1,-
DA:385,0
DA:386,0
DA:389,0
DA:391,0
DA:410,0
FN:410,TimelockUpgradeable.toggleEmergencyMode
FNDA:0,TimelockUpgradeable.toggleEmergencyMode
DA:411,0
DA:412,0
DA:431,0
FN:431,TimelockUpgradeable.getPendingUpgrade
FNDA:0,TimelockUpgradeable.getPendingUpgrade
DA:432,0
DA:449,0
FN:449,TimelockUpgradeable.canExecuteUpgrade
FNDA:0,TimelockUpgradeable.canExecuteUpgrade
DA:450,0
DA:451,0
DA:453,0
DA:474,0
FN:474,TimelockUpgradeable.hasUpgradeApproval
FNDA:0,TimelockUpgradeable.hasUpgradeApproval
DA:475,0
DA:491,0
FN:491,TimelockUpgradeable.getMultisigSigners
FNDA:0,TimelockUpgradeable.getMultisigSigners
DA:492,0
DA:496,0
DA:514,0
FN:514,TimelockUpgradeable._clearUpgradeApprovals
FNDA:0,TimelockUpgradeable._clearUpgradeApprovals
DA:517,0
DA:533,0
FN:533,TimelockUpgradeable._clearSignerApprovals
FNDA:0,TimelockUpgradeable._clearSignerApprovals
DA:551,40
FN:551,TimelockUpgradeable._addMultisigSigner
FNDA:40,TimelockUpgradeable._addMultisigSigner
DA:552,40
DA:553,40
DA:570,0
FN:570,TimelockUpgradeable.pause
FNDA:0,TimelockUpgradeable.pause
DA:571,0
DA:586,0
FN:586,TimelockUpgradeable.unpause
FNDA:0,TimelockUpgradeable.unpause
DA:587,0
DA:605,40
FN:605,TimelockUpgradeable.constructor
FNDA:40,TimelockUpgradeable.constructor
DA:606,40
BRDA:606,21,0,-
DA:607,40
DA:608,40
FNF:22
FNH:3
LF:99
LH:16
BRF:40
BRH:0
end_of_record
TN:
SF:src/core/UserPool.sol
DA:325,3
FN:325,UserPool.flashLoanProtection
FNDA:3,UserPool.flashLoanProtection
DA:326,3
DA:328,0
DA:329,0
BRDA:329,0,0,-
BRDA:329,0,1,-
DA:352,131
FN:352,UserPool.constructor
FNDA:131,UserPool.constructor
DA:353,131
BRDA:353,1,0,-
DA:354,131
DA:355,131
DA:377,136
FN:377,UserPool.initialize
FNDA:136,UserPool.initialize
DA:386,135
BRDA:386,2,0,1
BRDA:386,2,1,134
DA:387,134
BRDA:387,3,0,1
BRDA:387,3,1,133
DA:388,133
BRDA:388,4,0,1
BRDA:388,4,1,132
DA:389,132
BRDA:389,5,0,1
BRDA:389,5,1,131
DA:390,131
BRDA:390,6,0,1
BRDA:390,6,1,130
DA:391,130
BRDA:391,7,0,-
BRDA:391,7,1,130
DA:393,130
DA:394,130
DA:395,130
DA:396,130
DA:398,130
DA:399,130
DA:400,130
DA:402,130
DA:403,130
DA:404,130
DA:405,130
DA:406,130
DA:407,130
DA:410,130
DA:411,130
DA:412,130
DA:413,130
DA:415,130
DA:416,130
DA:417,130
DA:420,130
DA:421,130
DA:422,130
DA:445,25
FN:445,UserPool.deposit
FNDA:25,UserPool.deposit
DA:451,24
BRDA:451,8,0,1
BRDA:451,8,1,23
DA:455,23
DA:456,23
DA:457,23
DA:460,23
DA:461,23
DA:462,23
BRDA:462,9,0,23
DA:463,23
DA:464,23
DA:467,23
DA:468,23
DA:470,23
DA:473,23
DA:476,23
DA:479,23
DA:482,23
DA:483,23
DA:489,23
DA:509,0
FN:509,UserPool.batchDeposit
FNDA:0,UserPool.batchDeposit
DA:516,0
BRDA:516,10,0,-
DA:517,0
BRDA:517,11,0,-
DA:520,0
DA:522,0
DA:525,0
DA:528,0
DA:531,0
DA:534,0
DA:538,0
DA:541,0
DA:558,0
FN:558,UserPool._validateAndTransferUsdc
FNDA:0,UserPool._validateAndTransferUsdc
DA:560,0
DA:561,0
BRDA:561,12,0,-
BRDA:561,12,1,-
DA:562,0
DA:566,0
DA:581,0
FN:581,UserPool._initializeUserIfNeeded
FNDA:0,UserPool._initializeUserIfNeeded
DA:582,0
BRDA:582,13,0,-
DA:583,0
DA:584,0
DA:603,0
FN:603,UserPool._calculateNetAmounts
FNDA:0,UserPool._calculateNetAmounts
DA:608,0
DA:609,0
DA:611,0
DA:612,0
DA:613,0
DA:614,0
DA:615,0
DA:616,0
DA:635,0
FN:635,UserPool._processVaultMinting
FNDA:0,UserPool._processVaultMinting
DA:641,0
DA:642,0
DA:643,0
DA:647,0
DA:652,0
DA:653,0
DA:654,0
DA:658,0
DA:661,0
DA:680,0
FN:680,UserPool._updateUserAndPoolState
FNDA:0,UserPool._updateUserAndPoolState
DA:685,0
DA:688,0
DA:689,0
DA:691,0
DA:692,0
DA:693,0
DA:697,0
DA:698,0
DA:701,0
DA:719,0
FN:719,UserPool._transferQeuroAndEmitEvents
FNDA:0,UserPool._transferQeuroAndEmitEvents
DA:724,0
DA:725,0
DA:726,0
DA:729,0
DA:731,0
DA:751,4
FN:751,UserPool.withdraw
FNDA:4,UserPool.withdraw
DA:758,3
BRDA:758,14,0,1
BRDA:758,14,1,2
DA:760,2
DA:761,2
BRDA:761,15,0,2
BRDA:761,15,1,-
DA:763,0
DA:766,0
DA:767,0
DA:768,0
DA:769,0
DA:771,0
DA:774,0
DA:777,0
DA:780,0
DA:781,0
DA:784,0
DA:785,0
DA:788,0
DA:790,0
DA:810,0
FN:810,UserPool.batchWithdraw
FNDA:0,UserPool.batchWithdraw
DA:816,0
BRDA:816,16,0,-
DA:817,0
BRDA:817,17,0,-
DA:819,0
DA:820,0
DA:823,0
DA:826,0
DA:836,0
FN:836,UserPool._validateAndProcessBatchWithdrawal
FNDA:0,UserPool._validateAndProcessBatchWithdrawal
DA:841,0
DA:842,0
DA:843,0
DA:846,0
DA:847,0
BRDA:847,18,0,-
BRDA:847,18,1,-
DA:849,0
DA:850,0
DA:854,0
BRDA:854,19,0,-
BRDA:854,19,1,-
DA:855,0
DA:858,0
DA:859,0
DA:860,0
DA:861,0
DA:862,0
DA:863,0
DA:865,0
DA:868,0
DA:871,0
DA:882,0
FN:882,UserPool._processVaultRedemptions
FNDA:0,UserPool._processVaultRedemptions
DA:888,0
DA:891,0
DA:892,0
DA:893,0
DA:894,0
DA:895,0
DA:906,0
FN:906,UserPool._executeBatchTransfers
FNDA:0,UserPool._executeBatchTransfers
DA:911,0
DA:913,0
DA:914,0
DA:915,0
DA:916,0
DA:937,15
FN:937,UserPool.stake
FNDA:15,UserPool.stake
DA:939,14
DA:940,14
BRDA:940,20,0,1
BRDA:940,20,1,13
DA:943,13
DA:945,13
DA:948,13
DA:951,13
DA:954,13
DA:955,13
DA:958,13
DA:960,13
DA:976,0
FN:976,UserPool.batchStake
FNDA:0,UserPool.batchStake
DA:977,0
BRDA:977,21,0,-
DA:980,0
DA:982,0
DA:983,0
DA:986,0
DA:989,0
DA:990,0
BRDA:990,22,0,-
BRDA:990,22,1,-
DA:991,0
DA:995,0
DA:998,0
DA:1000,0
DA:1003,0
DA:1004,0
DA:1007,0
DA:1010,0
DA:1011,0
DA:1012,0
DA:1029,5
FN:1029,UserPool.requestUnstake
FNDA:5,UserPool.requestUnstake
DA:1031,5
DA:1033,5
DA:1034,5
BRDA:1034,23,0,1
BRDA:1034,23,1,4
DA:1037,4
DA:1040,4
DA:1041,4
DA:1057,4
FN:1057,UserPool.unstake
FNDA:4,UserPool.unstake
DA:1058,4
DA:1059,4
BRDA:1059,24,0,1
BRDA:1059,24,1,3
DA:1060,3
BRDA:1060,25,0,2
BRDA:1060,25,1,1
DA:1065,1
DA:1068,1
DA:1069,1
DA:1070,1
DA:1073,1
DA:1075,1
DA:1077,1
DA:1094,3
FN:1094,UserPool.claimStakingRewards
FNDA:3,UserPool.claimStakingRewards
DA:1096,3
DA:1097,3
DA:1099,3
DA:1100,3
DA:1102,3
BRDA:1102,26,0,-
DA:1103,0
DA:1106,0
DA:1108,0
DA:1127,0
FN:1127,UserPool.batchRewardClaim
FNDA:0,UserPool.batchRewardClaim
DA:1133,0
BRDA:1133,27,0,-
DA:1135,0
DA:1138,0
DA:1139,0
DA:1142,0
DA:1143,0
DA:1144,0
DA:1146,0
DA:1147,0
DA:1148,0
DA:1150,0
DA:1151,0
DA:1152,0
DA:1154,0
BRDA:1154,28,0,-
DA:1155,0
DA:1158,0
DA:1159,0
DA:1160,0
DA:1165,0
BRDA:1165,29,0,-
DA:1167,0
DA:1168,0
DA:1170,0
DA:1171,0
DA:1172,0
DA:1176,0
DA:1179,0
DA:1180,0
DA:1202,2
FN:1202,UserPool.distributeYield
FNDA:2,UserPool.distributeYield
DA:1203,2
BRDA:1203,30,0,1
BRDA:1203,30,1,1
DA:1207,1
DA:1226,20
FN:1226,UserPool._updatePendingRewards
FNDA:20,UserPool._updatePendingRewards
DA:1227,20
DA:1229,20
BRDA:1229,31,0,6
DA:1231,6
DA:1232,6
DA:1234,6
BRDA:1234,32,0,6
DA:1236,6
DA:1237,6
DA:1240,0
DA:1243,0
DA:1246,0
BRDA:1246,33,0,-
DA:1247,0
DA:1251,0
DA:1256,0
DA:1259,0
DA:1260,0
DA:1263,0
DA:1285,1
FN:1285,UserPool.getUserDeposits
FNDA:1,UserPool.getUserDeposits
DA:1286,1
DA:1303,2
FN:1303,UserPool.getUserStakes
FNDA:2,UserPool.getUserStakes
DA:1304,2
DA:1322,10
FN:1322,UserPool.getUserPendingRewards
FNDA:10,UserPool.getUserPendingRewards
DA:1323,10
DA:1325,10
DA:1328,6
DA:1329,6
DA:1331,6
BRDA:1331,35,0,6
DA:1332,6
DA:1335,0
DA:1336,0
DA:1339,0
BRDA:1339,36,0,-
DA:1340,0
DA:1343,0
DA:1347,0
DA:1350,0
DA:1371,7
FN:1371,UserPool.getUserInfo
FNDA:7,UserPool.getUserInfo
DA:1378,7
DA:1379,7
DA:1401,1
FN:1401,UserPool.getTotalDeposits
FNDA:1,UserPool.getTotalDeposits
DA:1402,1
DA:1418,1
FN:1418,UserPool.getTotalStakes
FNDA:1,UserPool.getTotalStakes
DA:1419,1
DA:1438,3
FN:1438,UserPool.getPoolMetrics
FNDA:3,UserPool.getPoolMetrics
DA:1444,3
DA:1445,3
DA:1446,3
DA:1447,3
DA:1463,2
FN:1463,UserPool.getStakingAPY
FNDA:2,UserPool.getStakingAPY
DA:1464,2
DA:1480,2
FN:1480,UserPool.getDepositAPY
FNDA:2,UserPool.getDepositAPY
DA:1481,2
DA:1499,0
FN:1499,UserPool.calculateProjectedRewards
FNDA:0,UserPool.calculateProjectedRewards
DA:1504,0
DA:1526,5
FN:1526,UserPool.updateStakingParameters
FNDA:5,UserPool.updateStakingParameters
DA:1531,4
BRDA:1531,37,0,1
BRDA:1531,37,1,3
DA:1532,3
BRDA:1532,38,0,1
BRDA:1532,38,1,2
DA:1533,2
BRDA:1533,39,0,1
BRDA:1533,39,1,1
DA:1535,1
DA:1536,1
DA:1537,1
DA:1539,1
DA:1540,1
DA:1541,1
DA:1559,2
FN:1559,UserPool.setPoolFees
FNDA:2,UserPool.setPoolFees
DA:1564,1
BRDA:1564,40,0,-
BRDA:1564,40,1,1
DA:1565,1
BRDA:1565,41,0,-
BRDA:1565,41,1,1
DA:1566,1
BRDA:1566,42,0,-
BRDA:1566,42,1,1
DA:1568,1
DA:1569,1
DA:1570,1
DA:1591,2
FN:1591,UserPool.emergencyUnstake
FNDA:2,UserPool.emergencyUnstake
DA:1592,1
DA:1593,1
DA:1595,1
BRDA:1595,43,0,1
DA:1596,1
DA:1597,1
DA:1599,1
DA:1616,7
FN:1616,UserPool.pause
FNDA:7,UserPool.pause
DA:1617,6
DA:1633,1
FN:1633,UserPool.unpause
FNDA:1,UserPool.unpause
DA:1634,1
DA:1654,1
FN:1654,UserPool.getPoolConfig
FNDA:1,UserPool.getPoolConfig
DA:1661,1
DA:1677,2
FN:1677,UserPool.isPoolActive
FNDA:2,UserPool.isPoolActive
DA:1678,2
DA:1701,6
FN:1701,UserPool.recoverToken
FNDA:6,UserPool.recoverToken
DA:1703,5
DA:1718,3
FN:1718,UserPool.recoverETH
FNDA:3,UserPool.recoverETH
DA:1720,2
DA:1722,2
FNF:43
FNH:29
LF:346
LH:169
BRF:68
BRH:40
end_of_record
TN:
SF:src/core/stQEUROToken.sol
DA:254,25
FN:254,stQEUROToken.flashLoanProtection
FNDA:25,stQEUROToken.flashLoanProtection
DA:255,25
DA:257,23
DA:258,23
BRDA:258,0,0,-
BRDA:258,0,1,23
DA:279,55
FN:279,stQEUROToken.constructor
FNDA:55,stQEUROToken.constructor
DA:280,55
BRDA:280,1,0,-
DA:281,55
DA:283,55
DA:304,60
FN:304,stQEUROToken.initialize
FNDA:60,stQEUROToken.initialize
DA:312,59
BRDA:312,2,0,1
BRDA:312,2,1,58
DA:313,58
BRDA:313,3,0,1
BRDA:313,3,1,57
DA:314,57
BRDA:314,4,0,1
BRDA:314,4,1,56
DA:315,56
BRDA:315,5,0,1
BRDA:315,5,1,55
DA:316,55
BRDA:316,6,0,1
BRDA:316,6,1,54
DA:318,54
DA:319,54
DA:320,54
DA:321,54
DA:322,54
DA:324,54
DA:325,54
DA:326,54
DA:327,54
DA:329,54
DA:330,54
DA:331,54
DA:332,54
DA:333,54
DA:336,54
DA:337,54
DA:340,54
DA:341,54
DA:342,54
DA:363,26
FN:363,stQEUROToken.stake
FNDA:26,stQEUROToken.stake
DA:364,25
BRDA:364,7,0,1
BRDA:364,7,1,24
DA:365,24
BRDA:365,8,0,1
BRDA:365,8,1,23
DA:368,23
DA:372,23
DA:373,23
DA:377,23
DA:380,23
DA:383,23
DA:385,23
DA:402,5
FN:402,stQEUROToken.unstake
FNDA:5,stQEUROToken.unstake
DA:403,4
BRDA:403,9,0,1
BRDA:403,9,1,3
DA:404,3
BRDA:404,10,0,1
BRDA:404,10,1,2
DA:407,2
DA:411,2
DA:412,2
DA:415,2
BRDA:415,11,0,-
BRDA:415,11,1,2
DA:418,2
DA:421,2
DA:423,2
DA:425,2
DA:442,3
FN:442,stQEUROToken.batchStake
FNDA:3,stQEUROToken.batchStake
DA:448,3
BRDA:448,12,0,1
DA:450,2
DA:451,2
DA:454,2
DA:455,103
BRDA:455,13,0,-
BRDA:455,13,1,103
DA:456,103
DA:459,2
BRDA:459,14,0,-
BRDA:459,14,1,2
DA:462,2
DA:465,2
DA:468,2
DA:471,2
DA:472,2
DA:475,2
DA:476,103
DA:479,103
DA:480,103
DA:483,103
DA:485,103
DA:503,2
FN:503,stQEUROToken.batchUnstake
FNDA:2,stQEUROToken.batchUnstake
DA:509,2
BRDA:509,15,0,1
DA:511,1
DA:512,1
DA:513,1
DA:516,1
DA:517,2
BRDA:517,16,0,-
BRDA:517,16,1,2
DA:518,2
DA:521,1
BRDA:521,17,0,-
BRDA:521,17,1,1
DA:524,1
DA:527,1
DA:528,1
DA:529,2
DA:530,2
DA:531,2
DA:535,1
BRDA:535,18,0,-
BRDA:535,18,1,1
DA:538,1
DA:541,1
DA:542,2
DA:543,2
DA:546,2
DA:549,2
DA:551,2
DA:555,1
DA:573,2
FN:573,stQEUROToken.batchTransfer
FNDA:2,stQEUROToken.batchTransfer
DA:578,2
BRDA:578,19,0,-
DA:579,2
BRDA:579,20,0,1
DA:582,1
DA:583,1
DA:586,1
DA:587,2
BRDA:587,21,0,-
BRDA:587,21,1,2
DA:588,2
BRDA:588,22,0,-
BRDA:588,22,1,2
DA:590,2
DA:594,1
DA:595,2
DA:597,2
DA:600,1
DA:620,12
FN:620,stQEUROToken.distributeYield
FNDA:12,stQEUROToken.distributeYield
DA:621,11
BRDA:621,23,0,1
BRDA:621,23,1,10
DA:622,10
BRDA:622,24,0,1
BRDA:622,24,1,9
DA:625,9
DA:628,9
DA:629,9
DA:632,9
BRDA:632,25,0,9
DA:633,9
DA:637,9
DA:638,9
DA:639,9
DA:642,9
DA:644,9
DA:645,9
DA:661,1
FN:661,stQEUROToken.claimYield
FNDA:1,stQEUROToken.claimYield
DA:664,0
DA:666,1
DA:683,1
FN:683,stQEUROToken.getPendingYield
FNDA:1,stQEUROToken.getPendingYield
DA:684,1
DA:685,1
DA:690,1
DA:710,3
FN:710,stQEUROToken.getExchangeRate
FNDA:3,stQEUROToken.getExchangeRate
DA:711,3
DA:727,2
FN:727,stQEUROToken.getTVL
FNDA:2,stQEUROToken.getTVL
DA:728,2
DA:745,3
FN:745,stQEUROToken.getQEUROEquivalent
FNDA:3,stQEUROToken.getQEUROEquivalent
DA:746,3
DA:747,3
DA:749,2
DA:750,2
DA:770,2
FN:770,stQEUROToken.getStakingStats
FNDA:2,stQEUROToken.getStakingStats
DA:777,2
DA:802,28
FN:802,stQEUROToken._updateExchangeRate
FNDA:28,stQEUROToken._updateExchangeRate
DA:803,28
DA:804,28
BRDA:804,28,0,-
DA:805,0
DA:806,0
DA:807,0
DA:809,0
DA:826,35
FN:826,stQEUROToken._calculateCurrentExchangeRate
FNDA:35,stQEUROToken._calculateCurrentExchangeRate
DA:827,35
DA:830,35
DA:833,10
DA:835,10
DA:836,10
BRDA:836,30,0,-
DA:839,0
DA:842,0
DA:845,0
DA:846,0
BRDA:846,31,0,-
BRDA:846,31,1,-
DA:847,0
DA:848,0
BRDA:848,32,0,-
DA:849,0
DA:852,0
DA:855,10
DA:877,4
FN:877,stQEUROToken.updateYieldParameters
FNDA:4,stQEUROToken.updateYieldParameters
DA:882,3
BRDA:882,33,0,1
BRDA:882,33,1,2
DA:883,2
BRDA:883,34,0,1
BRDA:883,34,1,1
DA:885,1
DA:886,1
DA:887,1
DA:889,1
DA:905,3
FN:905,stQEUROToken.updateTreasury
FNDA:3,stQEUROToken.updateTreasury
DA:906,2
BRDA:906,35,0,1
BRDA:906,35,1,1
DA:907,1
DA:927,1
FN:927,stQEUROToken.decimals
FNDA:1,stQEUROToken.decimals
DA:928,1
DA:949,5
FN:949,stQEUROToken.pause
FNDA:5,stQEUROToken.pause
DA:950,4
DA:965,1
FN:965,stQEUROToken.unpause
FNDA:1,stQEUROToken.unpause
DA:966,1
DA:982,2
FN:982,stQEUROToken.emergencyWithdraw
FNDA:2,stQEUROToken.emergencyWithdraw
DA:983,1
DA:984,1
BRDA:984,36,0,1
DA:985,1
DA:987,1
DA:988,1
DA:992,1
DA:1014,4
FN:1014,stQEUROToken.recoverToken
FNDA:4,stQEUROToken.recoverToken
DA:1016,3
DA:1031,2
FN:1031,stQEUROToken.recoverETH
FNDA:2,stQEUROToken.recoverETH
DA:1033,1
DA:1035,1
DA:1054,2
FN:1054,stQEUROToken.getVirtualProtectionStatus
FNDA:2,stQEUROToken.getVirtualProtectionStatus
DA:1060,2
DA:1061,2
DA:1062,2
DA:1063,2
DA:1065,0
FNF:26
FNH:26
LF:198
LH:184
BRF:58
BRH:42
end_of_record
TN:
SF:src/core/vaults/AaveVault.sol
DA:270,41
FN:270,AaveVault.constructor
FNDA:41,AaveVault.constructor
DA:271,41
DA:293,41
FN:293,AaveVault.initialize
FNDA:41,AaveVault.initialize
DA:302,41
DA:303,40
DA:304,39
DA:305,39
DA:306,39
DA:308,39
DA:309,39
DA:310,39
DA:311,39
DA:313,39
DA:314,39
DA:315,39
DA:316,39
DA:318,39
DA:319,39
DA:320,39
DA:321,39
DA:322,39
DA:323,39
DA:324,39
BRDA:324,0,0,-
BRDA:324,0,1,39
DA:325,39
DA:327,39
DA:328,39
DA:330,39
DA:331,39
DA:332,39
DA:333,39
DA:334,39
DA:335,39
DA:337,39
DA:354,17
FN:354,AaveVault.deployToAave
FNDA:17,AaveVault.deployToAave
DA:360,17
DA:361,16
DA:363,0
BRDA:363,1,0,-
DA:365,15
DA:366,15
BRDA:366,2,0,1
DA:367,14
BRDA:367,3,0,-
DA:369,14
DA:372,14
DA:375,14
DA:376,14
DA:377,14
DA:379,14
DA:380,14
DA:382,14
BRDA:382,4,0,-
DA:383,0
DA:386,14
DA:403,2
FN:403,AaveVault.withdrawFromAave
FNDA:2,AaveVault.withdrawFromAave
DA:408,2
DA:409,2
DA:411,2
DA:412,2
DA:414,2
DA:416,2
DA:417,2
DA:420,2
DA:421,2
BRDA:421,5,0,2
DA:422,2
DA:424,2
DA:442,2
FN:442,AaveVault._validateAndCalculateWithdrawAmount
FNDA:2,AaveVault._validateAndCalculateWithdrawAmount
DA:446,2
BRDA:446,6,0,-
DA:448,2
DA:449,2
BRDA:449,7,0,1
DA:450,1
DA:453,2
BRDA:453,8,0,-
DA:470,2
FN:470,AaveVault._validateWithdrawalConstraints
FNDA:2,AaveVault._validateWithdrawalConstraints
DA:471,2
BRDA:471,9,0,1
DA:472,1
DA:473,1
DA:474,1
BRDA:474,10,0,-
DA:491,2
FN:491,AaveVault._validateExpectedWithdrawal
FNDA:2,AaveVault._validateExpectedWithdrawal
DA:492,2
DA:494,2
BRDA:494,11,0,2
DA:495,2
BRDA:495,12,0,-
DA:496,0
DA:517,2
FN:517,AaveVault._executeAaveWithdrawal
FNDA:2,AaveVault._executeAaveWithdrawal
DA:522,2
BRDA:522,13,0,2
DA:525,2
DA:526,2
DA:528,2
DA:530,0
BRDA:530,13,1,-
DA:531,0
DA:532,0
BRDA:532,13,2,-
DA:533,0
DA:553,2
FN:553,AaveVault._validateWithdrawalResult
FNDA:2,AaveVault._validateWithdrawalResult
DA:559,2
DA:560,2
DA:563,2
BRDA:563,14,0,-
DA:564,0
DA:568,2
BRDA:568,15,0,1
BRDA:568,15,1,1
DA:569,1
DA:571,1
DA:590,1
FN:590,AaveVault.claimAaveRewards
FNDA:1,AaveVault.claimAaveRewards
DA:595,1
DA:597,1
DA:598,1
DA:600,1
DA:602,1
BRDA:602,16,0,1
DA:603,1
DA:604,1
DA:621,3
FN:621,AaveVault.harvestAaveYield
FNDA:3,AaveVault.harvestAaveYield
DA:626,3
DA:628,3
DA:629,3
DA:631,2
DA:632,2
DA:634,2
DA:637,2
DA:638,2
DA:639,2
DA:641,2
DA:642,2
BRDA:642,17,0,2
DA:645,2
DA:646,2
DA:649,2
BRDA:649,18,0,-
DA:650,0
DA:653,2
DA:655,0
BRDA:655,17,1,-
DA:656,0
DA:657,0
BRDA:657,17,2,-
DA:658,0
DA:664,2
BRDA:664,19,0,2
DA:665,2
DA:666,2
DA:669,2
DA:671,2
DA:687,2
FN:687,AaveVault.getAvailableYield
FNDA:2,AaveVault.getAvailableYield
DA:688,7
DA:690,7
BRDA:690,20,0,1
DA:691,1
DA:694,6
DA:712,1
FN:712,AaveVault.getYieldDistribution
FNDA:1,AaveVault.getYieldDistribution
DA:717,1
DA:718,1
DA:719,1
DA:721,1
DA:722,1
DA:723,1
DA:739,10
FN:739,AaveVault.getAaveBalance
FNDA:10,AaveVault.getAaveBalance
DA:740,10
DA:756,1
FN:756,AaveVault.getAccruedInterest
FNDA:1,AaveVault.getAccruedInterest
DA:757,1
DA:773,2
FN:773,AaveVault.getAaveAPY
FNDA:2,AaveVault.getAaveAPY
DA:774,2
DA:775,2
DA:794,2
FN:794,AaveVault.getAavePositionDetails
FNDA:2,AaveVault.getAavePositionDetails
DA:800,2
DA:801,2
DA:802,2
DA:803,2
DA:822,2
FN:822,AaveVault.getAaveMarketData
FNDA:2,AaveVault.getAaveMarketData
DA:828,2
DA:829,2
DA:830,2
DA:831,2
DA:832,2
BRDA:832,21,0,2
DA:833,2
DA:834,2
DA:853,0
FN:853,AaveVault.checkAaveHealth
FNDA:0,AaveVault.checkAaveHealth
DA:858,0
DA:859,0
DA:860,0
DA:876,14
FN:876,AaveVault._isAaveHealthy
FNDA:14,AaveVault._isAaveHealthy
DA:877,14
BRDA:877,22,0,14
DA:878,14
DA:879,0
BRDA:879,22,1,-
DA:880,0
DA:899,1
FN:899,AaveVault.autoRebalance
FNDA:1,AaveVault.autoRebalance
DA:903,1
DA:905,1
DA:906,1
DA:907,1
DA:909,1
BRDA:909,23,0,-
DA:910,0
DA:913,1
DA:914,1
DA:918,1
BRDA:918,24,0,1
BRDA:918,24,1,-
DA:919,1
DA:920,1
DA:921,1
DA:923,1
DA:925,0
DA:943,1
FN:943,AaveVault.calculateOptimalAllocation
FNDA:1,AaveVault.calculateOptimalAllocation
DA:947,1
DA:949,1
BRDA:949,25,0,1
BRDA:949,25,1,-
DA:950,1
DA:951,0
BRDA:951,26,0,-
BRDA:951,26,1,-
DA:952,0
DA:954,0
DA:957,1
DA:973,2
FN:973,AaveVault.setMaxAaveExposure
FNDA:2,AaveVault.setMaxAaveExposure
DA:974,2
DA:975,2
DA:976,2
BRDA:976,27,0,1
DA:978,1
DA:979,1
DA:995,1
FN:995,AaveVault.emergencyWithdrawFromAave
FNDA:1,AaveVault.emergencyWithdrawFromAave
DA:1000,1
DA:1002,1
DA:1004,1
BRDA:1004,28,0,1
DA:1005,1
DA:1007,1
DA:1009,1
DA:1011,1
DA:1012,1
BRDA:1012,29,0,1
DA:1015,1
DA:1016,1
DA:1019,1
BRDA:1019,30,0,-
DA:1020,0
DA:1023,0
BRDA:1023,29,1,-
DA:1024,0
DA:1025,0
BRDA:1025,29,2,-
DA:1026,0
DA:1030,1
DA:1033,1
DA:1034,1
DA:1053,2
FN:1053,AaveVault.getRiskMetrics
FNDA:2,AaveVault.getRiskMetrics
DA:1058,2
DA:1059,2
DA:1060,2
DA:1061,2
DA:1063,2
DA:1067,0
DA:1068,0
DA:1069,0
DA:1071,2
DA:1089,3
FN:1089,AaveVault.updateAaveParameters
FNDA:3,AaveVault.updateAaveParameters
DA:1094,3
DA:1095,3
DA:1096,2
DA:1098,1
DA:1099,1
DA:1100,1
DA:1120,2
FN:1120,AaveVault.getAaveConfig
FNDA:2,AaveVault.getAaveConfig
DA:1127,2
DA:1150,5
FN:1150,AaveVault.toggleEmergencyMode
FNDA:5,AaveVault.toggleEmergencyMode
DA:1151,5
DA:1152,5
DA:1153,5
DA:1168,2
FN:1168,AaveVault.pause
FNDA:2,AaveVault.pause
DA:1169,2
DA:1170,1
DA:1185,1
FN:1185,AaveVault.unpause
FNDA:1,AaveVault.unpause
DA:1186,1
DA:1187,1
DA:1204,3
FN:1204,AaveVault.recoverToken
FNDA:3,AaveVault.recoverToken
DA:1205,3
DA:1207,3
DA:1222,3
FN:1222,AaveVault.recoverETH
FNDA:3,AaveVault.recoverETH
DA:1223,3
DA:1225,2
FNF:32
FNH:31
LF:254
LH:222
BRF:43
BRH:20
end_of_record
TN:
SF:src/core/yieldmanagement/YieldShift.sol
DA:214,63
FN:214,YieldShift.constructor
FNDA:63,YieldShift.constructor
DA:215,63
BRDA:215,0,0,-
DA:216,63
DA:217,63
DA:240,63
FN:240,YieldShift.initialize
FNDA:63,YieldShift.initialize
DA:250,63
DA:251,62
DA:252,61
DA:253,61
DA:254,61
DA:255,61
DA:256,61
DA:258,61
DA:259,61
DA:260,61
DA:261,61
DA:263,61
DA:264,61
DA:265,61
DA:266,61
DA:268,61
DA:269,61
DA:270,61
DA:271,61
DA:272,61
DA:273,61
DA:274,61
BRDA:274,1,0,-
BRDA:274,1,1,61
DA:275,61
DA:277,61
DA:278,61
DA:279,61
DA:280,61
DA:281,61
DA:282,61
DA:285,61
DA:288,61
DA:293,61
DA:294,61
DA:295,61
DA:298,61
DA:299,61
DA:314,43
FN:314,YieldShift.updateYieldDistribution
FNDA:43,YieldShift.updateYieldDistribution
DA:316,43
DA:319,43
DA:322,43
DA:323,43
DA:325,43
DA:326,43
DA:329,43
DA:331,43
DA:353,21
FN:353,YieldShift.addYield
FNDA:21,YieldShift.addYield
DA:358,21
BRDA:358,2,0,2
BRDA:358,2,1,19
DA:364,19
DA:367,18
DA:368,18
DA:369,17
DA:370,17
DA:371,17
BRDA:371,3,0,-
BRDA:371,3,1,17
DA:376,17
DA:377,17
DA:379,17
DA:380,17
DA:382,17
DA:383,17
DA:385,17
BRDA:385,4,0,17
DA:386,17
DA:387,17
DA:390,17
DA:410,6
FN:410,YieldShift.claimUserYield
FNDA:6,YieldShift.claimUserYield
DA:415,6
BRDA:415,5,0,1
DA:416,1
DA:419,5
DA:421,5
BRDA:421,6,0,4
DA:423,4
BRDA:423,7,0,1
DA:424,1
DA:427,3
BRDA:427,8,0,-
DA:429,3
DA:430,3
DA:431,3
DA:432,3
DA:434,3
DA:436,3
DA:454,2
FN:454,YieldShift.claimHedgerYield
FNDA:2,YieldShift.claimHedgerYield
DA:459,2
BRDA:459,9,0,-
DA:460,0
DA:463,2
DA:465,2
BRDA:465,10,0,2
DA:466,2
BRDA:466,11,0,-
DA:468,2
DA:469,2
DA:470,2
DA:471,2
DA:473,2
DA:475,2
DA:493,44
FN:493,YieldShift._calculateOptimalYieldShift
FNDA:44,YieldShift._calculateOptimalYieldShift
DA:494,44
BRDA:494,12,0,2
DA:495,2
DA:498,42
BRDA:498,13,0,42
BRDA:498,13,1,-
DA:499,42
DA:500,42
DA:501,42
DA:503,0
DA:504,0
DA:505,0
DA:523,43
FN:523,YieldShift._applyGradualAdjustment
FNDA:43,YieldShift._applyGradualAdjustment
DA:524,43
BRDA:524,14,0,16
DA:525,16
DA:528,27
DA:530,27
BRDA:530,15,0,-
BRDA:530,15,1,27
DA:531,0
DA:532,0
DA:534,27
DA:535,27
DA:554,7
FN:554,YieldShift._getCurrentPoolMetrics
FNDA:7,YieldShift._getCurrentPoolMetrics
DA:559,7
DA:560,7
DA:562,7
BRDA:562,16,0,-
BRDA:562,16,1,7
DA:563,0
DA:565,7
DA:584,104
FN:584,YieldShift._getEligiblePoolMetrics
FNDA:104,YieldShift._getEligiblePoolMetrics
DA:590,104
DA:591,104
DA:594,104
DA:595,104
DA:597,104
BRDA:597,17,0,-
BRDA:597,17,1,104
DA:598,0
DA:600,104
DA:618,104
FN:618,YieldShift._calculateEligibleUserPoolSize
FNDA:104,YieldShift._calculateEligibleUserPoolSize
DA:624,104
DA:625,104
DA:628,104
BRDA:628,18,0,-
DA:629,0
DA:647,104
FN:647,YieldShift._calculateEligibleHedgerPoolSize
FNDA:104,YieldShift._calculateEligibleHedgerPoolSize
DA:649,104
DA:650,104
DA:652,104
BRDA:652,19,0,-
DA:653,0
DA:670,208
FN:670,YieldShift._calculateHoldingPeriodDiscount
FNDA:208,YieldShift._calculateHoldingPeriodDiscount
DA:672,208
DA:675,208
DA:677,208
BRDA:677,20,0,206
BRDA:677,20,1,2
DA:679,206
DA:680,206
DA:683,2
DA:687,208
BRDA:687,21,0,-
DA:688,0
DA:708,47
FN:708,YieldShift._isWithinTolerance
FNDA:47,YieldShift._isWithinTolerance
DA:713,47
DA:715,45
DA:716,45
DA:732,3
FN:732,YieldShift.updateLastDepositTime
FNDA:3,YieldShift.updateLastDepositTime
DA:733,3
BRDA:733,23,0,1
DA:734,1
DA:736,2
DA:752,7
FN:752,YieldShift.getCurrentYieldShift
FNDA:7,YieldShift.getCurrentYieldShift
DA:753,7
DA:770,3
FN:770,YieldShift.getUserPendingYield
FNDA:3,YieldShift.getUserPendingYield
DA:771,3
DA:788,3
FN:788,YieldShift.getHedgerPendingYield
FNDA:3,YieldShift.getHedgerPendingYield
DA:789,3
DA:805,7
FN:805,YieldShift.getTotalYieldGenerated
FNDA:7,YieldShift.getTotalYieldGenerated
DA:806,7
DA:824,5
FN:824,YieldShift.getYieldDistributionBreakdown
FNDA:5,YieldShift.getYieldDistributionBreakdown
DA:829,5
DA:830,5
DA:832,5
DA:833,5
DA:852,6
FN:852,YieldShift.getPoolMetrics
FNDA:6,YieldShift.getPoolMetrics
DA:858,6
DA:859,6
DA:876,1
FN:876,YieldShift.calculateOptimalYieldShift
FNDA:1,YieldShift.calculateOptimalYieldShift
DA:880,1
DA:881,1
DA:883,1
BRDA:883,24,0,1
BRDA:883,24,1,-
DA:884,1
DA:886,0
DA:906,1
FN:906,YieldShift.getYieldSources
FNDA:1,YieldShift.getYieldSources
DA:912,1
DA:913,1
DA:914,1
DA:916,1
DA:917,1
DA:937,0
FN:937,YieldShift.getHoldingPeriodProtectionStatus
FNDA:0,YieldShift.getHoldingPeriodProtectionStatus
DA:943,0
DA:944,0
DA:945,0
DA:946,0
DA:948,0
DA:968,2
FN:968,YieldShift.getHistoricalYieldShift
FNDA:2,YieldShift.getHistoricalYieldShift
DA:974,2
DA:975,2
BRDA:975,25,0,-
DA:976,0
DA:979,2
DA:982,2
DA:983,2
DA:986,2
DA:988,2
DA:989,2
DA:990,2
BRDA:990,26,0,1
DA:991,1
DA:992,1
DA:994,2
DA:997,2
BRDA:997,27,0,1
DA:998,1
DA:1001,1
DA:1002,1
DA:1003,1
DA:1005,1
DA:1006,1
DA:1007,1
DA:1008,1
BRDA:1008,28,0,1
DA:1009,1
BRDA:1009,29,0,1
DA:1012,1
DA:1014,1
DA:1015,1
DA:1016,1
DA:1017,1
DA:1019,1
DA:1022,1
DA:1042,2
FN:1042,YieldShift.getYieldPerformanceMetrics
FNDA:2,YieldShift.getYieldPerformanceMetrics
DA:1048,2
DA:1050,2
DA:1054,0
DA:1055,0
DA:1056,0
DA:1058,2
DA:1060,2
DA:1062,2
DA:1065,2
DA:1082,43
FN:1082,YieldShift._calculateUserAllocation
FNDA:43,YieldShift._calculateUserAllocation
DA:1083,43
DA:1084,43
DA:1100,43
FN:1100,YieldShift._calculateHedgerAllocation
FNDA:43,YieldShift._calculateHedgerAllocation
DA:1101,43
DA:1102,43
DA:1120,6
FN:1120,YieldShift.setYieldShiftParameters
FNDA:6,YieldShift.setYieldShiftParameters
DA:1125,6
DA:1126,5
DA:1127,4
DA:1128,3
BRDA:1128,30,0,1
DA:1129,2
DA:1131,1
DA:1132,1
DA:1133,1
DA:1135,1
DA:1151,3
FN:1151,YieldShift.setTargetPoolRatio
FNDA:3,YieldShift.setTargetPoolRatio
DA:1152,3
DA:1153,3
DA:1155,1
DA:1172,253
FN:1172,YieldShift.authorizeYieldSource
FNDA:253,YieldShift.authorizeYieldSource
DA:1176,253
DA:1177,253
DA:1179,253
DA:1180,253
DA:1182,253
DA:1198,1
FN:1198,YieldShift.revokeYieldSource
FNDA:1,YieldShift.revokeYieldSource
DA:1199,1
DA:1200,1
DA:1202,1
DA:1203,1
DA:1205,1
DA:1223,10
FN:1223,YieldShift.updateYieldAllocation
FNDA:10,YieldShift.updateYieldAllocation
DA:1224,10
DA:1225,6
BRDA:1225,31,0,6
BRDA:1225,31,1,3
DA:1226,6
DA:1228,3
DA:1246,3
FN:1246,YieldShift.emergencyYieldDistribution
FNDA:3,YieldShift.emergencyYieldDistribution
DA:1247,3
DA:1248,2
BRDA:1248,32,0,1
DA:1249,1
BRDA:1249,33,0,-
DA:1251,1
BRDA:1251,34,0,1
DA:1252,1
DA:1253,1
DA:1256,1
BRDA:1256,35,0,1
DA:1257,1
DA:1258,1
DA:1274,3
FN:1274,YieldShift.pauseYieldDistribution
FNDA:3,YieldShift.pauseYieldDistribution
DA:1275,3
DA:1276,2
DA:1291,2
FN:1291,YieldShift.resumeYieldDistribution
FNDA:2,YieldShift.resumeYieldDistribution
DA:1292,2
DA:1293,2
DA:1312,2
FN:1312,YieldShift.getYieldShiftConfig
FNDA:2,YieldShift.getYieldShiftConfig
DA:1318,2
DA:1334,5
FN:1334,YieldShift.isYieldDistributionActive
FNDA:5,YieldShift.isYieldDistributionActive
DA:1335,5
DA:1367,9
FN:1367,YieldShift.isYieldSourceAuthorized
FNDA:9,YieldShift.isYieldSourceAuthorized
DA:1368,9
DA:1383,3
FN:1383,YieldShift.checkAndUpdateYieldDistribution
FNDA:3,YieldShift.checkAndUpdateYieldDistribution
DA:1384,3
DA:1386,3
BRDA:1386,36,0,-
DA:1387,0
DA:1390,3
DA:1392,3
DA:1393,3
DA:1394,3
DA:1397,3
DA:1399,3
BRDA:1399,37,0,3
DA:1400,3
DA:1416,2
FN:1416,YieldShift.forceUpdateYieldDistribution
FNDA:2,YieldShift.forceUpdateYieldDistribution
DA:1417,2
DA:1418,1
DA:1437,6
FN:1437,YieldShift.getTimeWeightedAverage
FNDA:6,YieldShift.getTimeWeightedAverage
DA:1442,6
DA:1443,6
BRDA:1443,38,0,-
DA:1444,0
DA:1447,6
DA:1450,6
DA:1451,6
DA:1454,6
DA:1455,6
DA:1456,6
DA:1458,6
DA:1459,60
DA:1460,60
DA:1462,60
BRDA:1462,39,0,60
DA:1463,60
DA:1468,60
DA:1469,60
DA:1470,60
DA:1474,60
DA:1477,6
BRDA:1477,40,0,-
DA:1479,0
DA:1480,0
DA:1483,6
DA:1498,61
FN:1498,YieldShift._recordPoolSnapshot
FNDA:61,YieldShift._recordPoolSnapshot
DA:1499,61
DA:1501,61
DA:1502,61
DA:1519,43
FN:1519,YieldShift._recordPoolSnapshotWithEligibleSizes
FNDA:43,YieldShift._recordPoolSnapshotWithEligibleSizes
DA:1520,43
DA:1521,43
DA:1539,208
FN:1539,YieldShift._addToPoolHistory
FNDA:208,YieldShift._addToPoolHistory
DA:1540,208
DA:1542,208
BRDA:1542,41,0,-
DA:1544,0
DA:1545,0
DA:1546,0
DA:1548,0
DA:1551,208
DA:1572,5
FN:1572,YieldShift.recoverToken
FNDA:5,YieldShift.recoverToken
DA:1573,5
DA:1575,4
DA:1590,3
FN:1590,YieldShift.recoverETH
FNDA:3,YieldShift.recoverETH
DA:1591,3
DA:1593,2
DA:1611,0
FN:1611,YieldShift.updateHoldingPeriodProtection
FNDA:0,YieldShift.updateHoldingPeriodProtection
DA:1616,0
DA:1618,0
BRDA:1618,42,0,-
BRDA:1618,42,1,-
DA:1619,0
BRDA:1619,43,0,-
BRDA:1619,43,1,-
DA:1620,0
BRDA:1620,44,0,-
BRDA:1620,44,1,-
DA:1621,0
BRDA:1621,45,0,-
BRDA:1621,45,1,-
DA:1622,0
BRDA:1622,46,0,-
BRDA:1622,46,1,-
DA:1627,0
FNF:48
FNH:46
LF:354
LH:316
BRF:61
BRH:31
end_of_record
TN:
SF:src/libraries/AccessControlLibrary.sol
DA:34,276
FN:34,AccessControlLibrary.onlyGovernance
FNDA:276,AccessControlLibrary.onlyGovernance
DA:35,276
BRDA:35,0,0,5
DA:36,5
DA:53,24
FN:53,AccessControlLibrary.onlyVaultManager
FNDA:24,AccessControlLibrary.onlyVaultManager
DA:54,24
BRDA:54,1,0,1
DA:55,1
DA:72,25
FN:72,AccessControlLibrary.onlyEmergencyRole
FNDA:25,AccessControlLibrary.onlyEmergencyRole
DA:73,25
BRDA:73,2,0,5
DA:74,5
DA:91,31
FN:91,AccessControlLibrary.onlyLiquidatorRole
FNDA:31,AccessControlLibrary.onlyLiquidatorRole
DA:92,31
BRDA:92,3,0,4
DA:93,4
DA:110,10
FN:110,AccessControlLibrary.onlyYieldManager
FNDA:10,AccessControlLibrary.onlyYieldManager
DA:111,10
BRDA:111,4,0,1
DA:112,1
DA:129,22
FN:129,AccessControlLibrary.onlyAdmin
FNDA:22,AccessControlLibrary.onlyAdmin
DA:130,22
BRDA:130,5,0,5
DA:131,5
DA:148,2654
FN:148,AccessControlLibrary.validateAddress
FNDA:2654,AccessControlLibrary.validateAddress
DA:149,2654
BRDA:149,6,0,15
DA:150,15
DA:167,0
FN:167,AccessControlLibrary.validateAmount
FNDA:0,AccessControlLibrary.validateAmount
DA:168,0
BRDA:168,7,0,-
DA:169,0
DA:186,0
FN:186,AccessControlLibrary.validatePositiveAmount
FNDA:0,AccessControlLibrary.validatePositiveAmount
DA:187,0
BRDA:187,8,0,-
DA:188,0
FNF:9
FNH:7
LF:27
LH:21
BRF:9
BRH:7
end_of_record
TN:
SF:src/libraries/FlashLoanProtectionLibrary.sol
DA:44,217
FN:44,FlashLoanProtectionLibrary.validateBalanceChange
FNDA:217,FlashLoanProtectionLibrary.validateBalanceChange
DA:49,217
BRDA:49,0,0,-
DA:50,0
DA:51,0
DA:53,217
FNF:1
FNH:1
LF:5
LH:3
BRF:1
BRH:0
end_of_record
TN:
SF:src/libraries/HedgerPoolValidationLibrary.sol
DA:31,118
FN:31,HedgerPoolValidationLibrary.validatePositionParams
FNDA:118,HedgerPoolValidationLibrary.validatePositionParams
DA:41,118
BRDA:41,0,0,-
DA:42,118
BRDA:42,1,0,-
DA:43,118
BRDA:43,2,0,-
DA:44,118
BRDA:44,3,0,-
DA:65,120
FN:65,HedgerPoolValidationLibrary.validateTotals
FNDA:120,HedgerPoolValidationLibrary.validateTotals
DA:73,120
BRDA:73,4,0,-
DA:74,120
BRDA:74,5,0,-
DA:90,120
FN:90,HedgerPoolValidationLibrary.validateTimestamp
FNDA:120,HedgerPoolValidationLibrary.validateTimestamp
DA:91,120
BRDA:91,6,0,-
DA:108,16
FN:108,HedgerPoolValidationLibrary.validateNewMargin
FNDA:16,HedgerPoolValidationLibrary.validateNewMargin
DA:109,16
BRDA:109,7,0,-
DA:126,0
FN:126,HedgerPoolValidationLibrary.validatePendingRewards
FNDA:0,HedgerPoolValidationLibrary.validatePendingRewards
DA:127,0
BRDA:127,8,0,-
FNF:5
FNH:4
LF:14
LH:12
BRF:9
BRH:0
end_of_record
TN:
SF:src/libraries/TimeProviderLibrary.sol
DA:74,1011
FN:74,TimeProvider.whenNotEmergency
FNDA:1011,TimeProvider.whenNotEmergency
DA:75,1
BRDA:75,0,0,1
DA:80,1025
FN:80,TimeProvider.validTimeOffset
FNDA:1025,TimeProvider.validTimeOffset
DA:81,1025
BRDA:81,1,0,1
DA:82,1
DA:84,1024
BRDA:84,2,0,1
DA:85,1
DA:105,505
FN:105,TimeProvider.constructor
FNDA:505,TimeProvider.constructor
DA:106,505
DA:124,1299
FN:124,TimeProvider.initialize
FNDA:1299,TimeProvider.initialize
DA:129,505
DA:130,505
DA:132,505
BRDA:132,3,0,-
DA:133,505
BRDA:133,4,0,-
DA:134,505
BRDA:134,5,0,-
DA:136,505
DA:137,505
DA:138,505
DA:139,505
DA:142,505
DA:143,505
DA:144,505
DA:145,505
DA:163,8606
FN:163,TimeProvider.currentTime
FNDA:8606,TimeProvider.currentTime
DA:164,8606
DA:180,8613
FN:180,TimeProvider._getCurrentTime
FNDA:8613,TimeProvider._getCurrentTime
DA:181,8613
BRDA:181,6,0,8162
BRDA:181,6,1,46
DA:182,8162
DA:184,451
DA:186,451
BRDA:186,7,0,405
DA:187,405
DA:189,46
DA:206,2
FN:206,TimeProvider.rawTimestamp
FNDA:2,TimeProvider.rawTimestamp
DA:207,2
DA:224,3
FN:224,TimeProvider.isFuture
FNDA:3,TimeProvider.isFuture
DA:225,3
DA:242,3
FN:242,TimeProvider.isPast
FNDA:3,TimeProvider.isPast
DA:243,3
DA:262,1725
FN:262,TimeProvider.setTimeOffset
FNDA:1725,TimeProvider.setTimeOffset
DA:266,1023
DA:267,1023
DA:268,1023
DA:269,1023
DA:271,1023
DA:288,1820
FN:288,TimeProvider.advanceTime
FNDA:1820,TimeProvider.advanceTime
DA:292,1010
BRDA:292,8,0,1
DA:294,1009
DA:295,1009
BRDA:295,9,0,1008
BRDA:295,9,1,-
DA:296,1008
DA:299,1
BRDA:299,10,0,1
BRDA:299,10,1,-
DA:300,1
DA:302,0
DA:306,1009
BRDA:306,11,0,-
DA:307,0
DA:310,1009
DA:311,1009
DA:312,1009
DA:313,1009
DA:315,1009
DA:330,691
FN:330,TimeProvider.resetTime
FNDA:691,TimeProvider.resetTime
DA:331,4
DA:332,4
DA:333,4
DA:334,4
DA:336,4
DA:337,4
DA:355,739
FN:355,TimeProvider.setEmergencyMode
FNDA:739,TimeProvider.setEmergencyMode
DA:356,5
DA:358,5
DA:361,5
BRDA:361,13,0,2
DA:362,2
DA:363,2
DA:364,2
DA:365,2
DA:367,2
DA:370,5
DA:385,740
FN:385,TimeProvider.emergencyResetTime
FNDA:740,TimeProvider.emergencyResetTime
DA:386,1
DA:387,1
DA:388,1
DA:389,1
DA:391,1
DA:392,1
DA:413,1
FN:413,TimeProvider.getTimeInfo
FNDA:1,TimeProvider.getTimeInfo
DA:419,1
DA:442,3
FN:442,TimeProvider.timeDiff
FNDA:3,TimeProvider.timeDiff
DA:443,3
BRDA:443,14,0,2
BRDA:443,14,1,1
DA:444,2
DA:446,1
DA:464,0
FN:464,TimeProvider._authorizeUpgrade
FNDA:0,TimeProvider._authorizeUpgrade
DA:466,0
BRDA:466,15,0,-
DA:482,1
FN:482,TimeProvider.version
FNDA:1,TimeProvider.version
DA:483,1
FNF:18
FNH:17
LF:93
LH:89
BRF:19
BRH:12
end_of_record
TN:
SF:src/libraries/TokenLibrary.sol
DA:34,41
FN:34,TokenLibrary.validateMint
FNDA:41,TokenLibrary.validateMint
DA:35,41
BRDA:35,0,0,1
DA:36,40
BRDA:36,1,0,1
DA:37,39
BRDA:37,2,0,1
DA:55,10
FN:55,TokenLibrary.validateBurn
FNDA:10,TokenLibrary.validateBurn
DA:56,10
BRDA:56,3,0,1
DA:57,9
BRDA:57,4,0,1
DA:58,8
BRDA:58,5,0,1
FNF:2
FNH:2
LF:8
LH:8
BRF:6
BRH:6
end_of_record
TN:
SF:src/libraries/TreasuryRecoveryLibrary.sol
DA:40,31
FN:40,TreasuryRecoveryLibrary.recoverToken
FNDA:31,TreasuryRecoveryLibrary.recoverToken
DA:46,31
BRDA:46,0,0,8
DA:48,23
BRDA:48,1,0,-
DA:50,23
DA:70,17
FN:70,TreasuryRecoveryLibrary.recoverETH
FNDA:17,TreasuryRecoveryLibrary.recoverETH
DA:74,17
BRDA:74,2,0,-
DA:76,17
DA:77,17
BRDA:77,3,0,8
DA:80,9
DA:81,9
BRDA:81,4,0,-
FNF:2
FNH:2
LF:10
LH:10
BRF:5
BRH:2
end_of_record
TN:
SF:src/libraries/ValidationLibrary.sol
DA:34,119
FN:34,ValidationLibrary.validateLeverage
FNDA:119,ValidationLibrary.validateLeverage
DA:35,119
BRDA:35,0,0,-
DA:36,119
BRDA:36,1,0,1
DA:53,133
FN:53,ValidationLibrary.validateMarginRatio
FNDA:133,ValidationLibrary.validateMarginRatio
DA:54,133
BRDA:54,2,0,1
DA:71,6
FN:71,ValidationLibrary.validateFee
FNDA:6,ValidationLibrary.validateFee
DA:72,6
BRDA:72,3,0,1
DA:89,2
FN:89,ValidationLibrary.validateThreshold
FNDA:2,ValidationLibrary.validateThreshold
DA:90,2
BRDA:90,4,0,1
DA:106,1082
FN:106,ValidationLibrary.validatePositiveAmount
FNDA:1082,ValidationLibrary.validatePositiveAmount
DA:107,1082
BRDA:107,5,0,28
DA:123,9
FN:123,ValidationLibrary.validateYieldShift
FNDA:9,ValidationLibrary.validateYieldShift
DA:124,9
BRDA:124,6,0,2
DA:141,2
FN:141,ValidationLibrary.validateAdjustmentSpeed
FNDA:2,ValidationLibrary.validateAdjustmentSpeed
DA:142,2
BRDA:142,7,0,1
DA:159,3
FN:159,ValidationLibrary.validateTargetRatio
FNDA:3,ValidationLibrary.validateTargetRatio
DA:160,3
BRDA:160,8,0,1
DA:161,2
BRDA:161,9,0,1
DA:178,2
FN:178,ValidationLibrary.validateLiquidationCooldown
FNDA:2,ValidationLibrary.validateLiquidationCooldown
DA:179,2
BRDA:179,10,0,-
DA:197,4
FN:197,ValidationLibrary.validateSlippage
FNDA:4,ValidationLibrary.validateSlippage
DA:198,4
BRDA:198,11,0,-
DA:215,3
FN:215,ValidationLibrary.validateThresholdValue
FNDA:3,ValidationLibrary.validateThresholdValue
DA:216,3
BRDA:216,12,0,1
DA:232,56
FN:232,ValidationLibrary.validatePositionActive
FNDA:56,ValidationLibrary.validatePositionActive
DA:233,56
BRDA:233,13,0,-
DA:250,57
FN:250,ValidationLibrary.validatePositionOwner
FNDA:57,ValidationLibrary.validatePositionOwner
DA:251,57
BRDA:251,14,0,4
DA:268,118
FN:268,ValidationLibrary.validatePositionCount
FNDA:118,ValidationLibrary.validatePositionCount
DA:269,118
BRDA:269,15,0,-
DA:285,22
FN:285,ValidationLibrary.validateCommitmentNotExists
FNDA:22,ValidationLibrary.validateCommitmentNotExists
DA:286,1
BRDA:286,16,0,1
DA:302,3
FN:302,ValidationLibrary.validateCommitment
FNDA:3,ValidationLibrary.validateCommitment
DA:303,3
BRDA:303,17,0,1
DA:319,135
FN:319,ValidationLibrary.validateOraclePrice
FNDA:135,ValidationLibrary.validateOraclePrice
DA:320,135
BRDA:320,18,0,-
DA:336,758
FN:336,ValidationLibrary.validateTreasuryAddress
FNDA:758,ValidationLibrary.validateTreasuryAddress
DA:337,758
BRDA:337,19,0,-
FNF:18
FNH:18
LF:38
LH:38
BRF:20
BRH:13
end_of_record
TN:
SF:src/libraries/VaultMath.sol
DA:42,1459
FN:42,VaultMath.mulDiv
FNDA:1459,VaultMath.mulDiv
DA:43,1459
BRDA:43,0,0,-
BRDA:43,0,1,1459
DA:46,1459
DA:47,1459
BRDA:47,1,0,-
BRDA:47,1,1,1459
DA:49,1459
DA:52,1459
BRDA:52,2,0,331
DA:53,331
DA:72,200
FN:72,VaultMath.percentageOf
FNDA:200,VaultMath.percentageOf
DA:73,200
BRDA:73,3,0,-
BRDA:73,3,1,200
DA:74,200
DA:93,1
FN:93,VaultMath.scaleDecimals
FNDA:1,VaultMath.scaleDecimals
DA:98,1
BRDA:98,4,0,-
BRDA:98,4,1,-
DA:99,0
DA:100,1
BRDA:100,5,0,1
BRDA:100,5,1,-
DA:102,1
DA:105,0
DA:106,0
DA:107,0
DA:110,0
BRDA:110,6,0,-
DA:111,0
DA:131,79
FN:131,VaultMath.min
FNDA:79,VaultMath.min
DA:132,79
DA:150,6
FN:150,VaultMath.max
FNDA:6,VaultMath.max
DA:151,6
DA:169,2
FN:169,VaultMath.eurToUsd
FNDA:2,VaultMath.eurToUsd
DA:173,2
DA:191,2
FN:191,VaultMath.usdToEur
FNDA:2,VaultMath.usdToEur
DA:195,2
DA:213,2
FN:213,VaultMath.calculateCollateralRatio
FNDA:2,VaultMath.calculateCollateralRatio
DA:217,2
BRDA:217,7,0,1
DA:218,1
DA:221,1
DA:240,2
FN:240,VaultMath.calculateYieldDistribution
FNDA:2,VaultMath.calculateYieldDistribution
DA:244,2
BRDA:244,8,0,-
BRDA:244,8,1,2
DA:246,2
DA:247,2
DA:266,3
FN:266,VaultMath.isWithinTolerance
FNDA:3,VaultMath.isWithinTolerance
DA:271,3
DA:273,2
DA:274,2
DA:275,2
DA:276,2
DA:278,2
FNF:10
FNH:10
LF:43
LH:37
BRF:15
BRH:7
end_of_record
TN:
SF:src/oracle/ChainlinkOracle.sol
DA:187,62
FN:187,ChainlinkOracle.constructor
FNDA:62,ChainlinkOracle.constructor
DA:188,62
BRDA:188,0,0,-
DA:189,62
DA:190,62
DA:209,62
FN:209,ChainlinkOracle.initialize
FNDA:62,ChainlinkOracle.initialize
DA:216,62
BRDA:216,1,0,-
BRDA:216,1,1,62
DA:217,62
BRDA:217,2,0,-
BRDA:217,2,1,62
DA:218,62
BRDA:218,3,0,-
BRDA:218,3,1,62
DA:219,62
BRDA:219,4,0,-
BRDA:219,4,1,62
DA:222,62
DA:223,62
DA:224,62
DA:227,62
DA:228,62
DA:229,62
DA:230,62
DA:233,62
DA:234,62
DA:235,62
DA:236,62
DA:240,62
DA:241,62
DA:244,62
DA:247,62
DA:263,0
FN:263,ChainlinkOracle.updateTreasury
FNDA:0,ChainlinkOracle.updateTreasury
DA:264,0
BRDA:264,5,0,-
BRDA:264,5,1,-
DA:265,0
DA:266,0
DA:281,3
FN:281,ChainlinkOracle.unpause
FNDA:3,ChainlinkOracle.unpause
DA:282,2
DA:304,121
FN:304,ChainlinkOracle._divRound
FNDA:121,ChainlinkOracle._divRound
DA:305,121
BRDA:305,6,0,-
BRDA:305,6,1,121
DA:306,121
DA:323,219
FN:323,ChainlinkOracle._validateTimestamp
FNDA:219,ChainlinkOracle._validateTimestamp
DA:325,219
DA:329,217
DA:330,217
DA:332,210
DA:347,84
FN:347,ChainlinkOracle._updatePrices
FNDA:84,ChainlinkOracle._updatePrices
DA:349,84
DA:352,84
BRDA:352,9,0,-
BRDA:352,9,1,84
DA:353,84
BRDA:353,10,0,-
BRDA:353,10,1,84
DA:356,84
DA:359,84
BRDA:359,11,0,-
BRDA:359,11,1,84
DA:360,84
BRDA:360,12,0,-
BRDA:360,12,1,84
DA:363,84
DA:364,84
DA:367,84
BRDA:367,13,0,-
BRDA:367,13,1,22
DA:368,0
DA:371,84
DA:372,84
DA:375,84
DA:378,84
BRDA:378,14,0,22
DA:379,22
DA:380,22
DA:381,22
DA:382,22
BRDA:382,15,0,-
DA:383,0
DA:389,84
BRDA:389,16,0,-
DA:390,0
DA:391,0
DA:396,0
DA:400,84
DA:401,84
BRDA:401,17,0,84
DA:402,84
DA:403,84
DA:406,84
DA:407,84
DA:408,84
DA:410,84
BRDA:410,18,0,-
DA:411,0
DA:416,84
DA:417,84
DA:418,84
DA:421,84
DA:439,188
FN:439,ChainlinkOracle._scalePrice
FNDA:188,ChainlinkOracle._scalePrice
DA:440,188
DA:442,188
DA:444,188
BRDA:444,20,0,-
BRDA:444,20,1,-
DA:445,0
DA:446,188
BRDA:446,21,0,188
BRDA:446,21,1,-
DA:448,188
DA:451,0
DA:452,0
DA:453,0
DA:476,10
FN:476,ChainlinkOracle.getOracleHealth
FNDA:10,ChainlinkOracle.getOracleHealth
DA:486,10
BRDA:486,22,0,10
DA:494,10
DA:495,0
BRDA:495,22,1,-
DA:496,0
DA:500,10
BRDA:500,23,0,10
DA:508,10
DA:509,0
BRDA:509,23,1,-
DA:510,0
DA:517,10
DA:540,1
FN:540,ChainlinkOracle.getEurUsdDetails
FNDA:1,ChainlinkOracle.getEurUsdDetails
DA:552,1
BRDA:552,24,0,-
BRDA:552,24,1,1
DA:553,0
DA:555,1
BRDA:555,25,0,1
DA:563,1
BRDA:563,26,0,1
BRDA:563,26,1,1
DA:564,1
DA:565,1
DA:568,1
DA:570,1
BRDA:570,27,0,1
DA:571,1
DA:572,1
DA:573,1
DA:574,1
BRDA:574,28,0,-
DA:575,0
DA:579,1
BRDA:579,29,0,-
DA:580,0
DA:583,0
DA:585,0
BRDA:585,25,1,-
DA:586,0
DA:590,1
DA:591,1
DA:594,1
BRDA:594,30,0,1
DA:602,1
DA:603,0
BRDA:603,30,1,-
DA:604,0
DA:608,1
DA:628,4
FN:628,ChainlinkOracle.getOracleConfig
FNDA:4,ChainlinkOracle.getOracleConfig
DA:639,4
DA:664,3
FN:664,ChainlinkOracle.getPriceFeedAddresses
FNDA:3,ChainlinkOracle.getPriceFeedAddresses
DA:674,3
DA:698,1
FN:698,ChainlinkOracle.checkPriceFeedConnectivity
FNDA:1,ChainlinkOracle.checkPriceFeedConnectivity
DA:709,1
BRDA:709,31,0,1
DA:717,0
DA:718,0
DA:719,1
BRDA:719,31,1,1
DA:720,1
DA:721,1
DA:725,1
BRDA:725,32,0,1
DA:733,1
DA:734,1
DA:735,0
BRDA:735,32,1,-
DA:736,0
DA:737,0
DA:749,0
FN:749,ChainlinkOracle._authorizeUpgrade
FNDA:0,ChainlinkOracle._authorizeUpgrade
DA:776,3
FN:776,ChainlinkOracle.recoverToken
FNDA:3,ChainlinkOracle.recoverToken
DA:781,3
DA:802,2
FN:802,ChainlinkOracle.recoverETH
FNDA:2,ChainlinkOracle.recoverETH
DA:804,2
DA:806,2
DA:827,23
FN:827,ChainlinkOracle.resetCircuitBreaker
FNDA:23,ChainlinkOracle.resetCircuitBreaker
DA:828,22
DA:829,22
DA:830,22
DA:847,7
FN:847,ChainlinkOracle.triggerCircuitBreaker
FNDA:7,ChainlinkOracle.triggerCircuitBreaker
DA:848,6
DA:863,6
FN:863,ChainlinkOracle.pause
FNDA:6,ChainlinkOracle.pause
DA:864,5
DA:890,33
FN:890,ChainlinkOracle.getEurUsdPrice
FNDA:33,ChainlinkOracle.getEurUsdPrice
DA:892,33
BRDA:892,33,0,3
DA:893,3
DA:897,30
DA:900,26
BRDA:900,34,0,9
DA:901,9
DA:905,17
DA:906,17
DA:909,17
DA:912,17
BRDA:912,35,0,12
DA:913,12
DA:914,12
DA:916,12
DA:917,12
BRDA:917,36,0,-
DA:918,0
DA:923,17
BRDA:923,37,0,5
DA:924,5
DA:946,5
FN:946,ChainlinkOracle.getUsdcUsdPrice
FNDA:5,ChainlinkOracle.getUsdcUsdPrice
DA:948,5
DA:951,3
BRDA:951,38,0,1
DA:952,1
DA:956,2
DA:957,2
DA:961,2
DA:962,2
DA:963,2
DA:965,2
DA:968,2
BRDA:968,39,0,1
DA:969,1
DA:991,10
FN:991,ChainlinkOracle.updatePriceBounds
FNDA:10,ChainlinkOracle.updatePriceBounds
DA:995,9
BRDA:995,40,0,1
BRDA:995,40,1,8
DA:996,8
BRDA:996,41,0,1
BRDA:996,41,1,7
DA:997,7
BRDA:997,42,0,1
BRDA:997,42,1,6
DA:999,6
DA:1000,6
DA:1002,6
DA:1018,3
FN:1018,ChainlinkOracle.updateUsdcTolerance
FNDA:3,ChainlinkOracle.updateUsdcTolerance
DA:1022,2
BRDA:1022,43,0,1
BRDA:1022,43,1,1
DA:1023,1
DA:1040,3
FN:1040,ChainlinkOracle.updatePriceFeeds
FNDA:3,ChainlinkOracle.updatePriceFeeds
DA:1044,2
BRDA:1044,44,0,1
BRDA:1044,44,1,1
DA:1045,1
BRDA:1045,45,0,-
BRDA:1045,45,1,1
DA:1047,1
DA:1048,1
DA:1050,1
FNF:24
FNH:22
LF:197
LH:164
BRF:70
BRH:41
end_of_record
TN:
SF:test/AaveVault.t.sol
DA:37,118
FN:37,MockUSDC.mint
FNDA:118,MockUSDC.mint
DA:38,118
DA:39,118
DA:57,6
FN:57,MockUSDC.transfer
FNDA:6,MockUSDC.transfer
DA:58,6
BRDA:58,0,0,-
BRDA:58,0,1,6
DA:59,6
DA:60,6
DA:61,6
DA:80,28
FN:80,MockUSDC.transferFrom
FNDA:28,MockUSDC.transferFrom
DA:81,28
BRDA:81,1,0,-
BRDA:81,1,1,28
DA:82,28
BRDA:82,2,0,-
BRDA:82,2,1,28
DA:83,28
DA:84,28
DA:85,28
DA:86,28
DA:104,32
FN:104,MockUSDC.approve
FNDA:32,MockUSDC.approve
DA:105,32
DA:106,32
DA:136,5
FN:136,MockAUSDC.setBalance
FNDA:5,MockAUSDC.setBalance
DA:137,5
DA:154,21
FN:154,MockAUSDC.mint
FNDA:21,MockAUSDC.mint
DA:155,21
DA:173,1
FN:173,MockAUSDC.transfer
FNDA:1,MockAUSDC.transfer
DA:174,1
BRDA:174,0,0,-
BRDA:174,0,1,1
DA:175,1
DA:176,1
DA:177,1
DA:196,0
FN:196,MockAUSDC.transferFrom
FNDA:0,MockAUSDC.transferFrom
DA:197,0
BRDA:197,1,0,-
BRDA:197,1,1,-
DA:198,0
BRDA:198,2,0,-
BRDA:198,2,1,-
DA:199,0
DA:200,0
DA:201,0
DA:202,0
DA:220,78
FN:220,MockAUSDC.approve
FNDA:78,MockAUSDC.approve
DA:221,78
DA:222,78
DA:270,39
FN:270,MockAavePool.constructor
FNDA:39,MockAavePool.constructor
DA:271,39
DA:272,39
DA:290,14
FN:290,MockAavePool.supply
FNDA:14,MockAavePool.supply
DA:291,14
BRDA:291,0,0,-
BRDA:291,0,1,14
DA:292,14
BRDA:292,1,0,-
BRDA:292,1,1,14
DA:295,14
DA:298,14
DA:317,5
FN:317,MockAavePool.withdraw
FNDA:5,MockAavePool.withdraw
DA:318,5
BRDA:318,2,0,-
BRDA:318,2,1,5
DA:319,5
BRDA:319,3,0,-
BRDA:319,3,1,5
DA:322,5
DA:323,5
BRDA:323,4,0,1
DA:324,1
DA:328,5
BRDA:328,5,0,-
BRDA:328,5,1,5
DA:331,5
DA:334,5
DA:335,5
DA:338,5
BRDA:338,6,0,-
DA:339,0
DA:342,5
DA:343,5
DA:360,57
FN:360,MockAavePool.getReserveData
FNDA:57,MockAavePool.getReserveData
DA:361,57
BRDA:361,7,0,-
BRDA:361,7,1,57
DA:362,57
DA:400,0
FN:400,MockAavePool.getUserAccountData
FNDA:0,MockAavePool.getUserAccountData
DA:408,0
DA:409,0
DA:432,0
FN:432,MockAavePool.setLiquidityRate
FNDA:0,MockAavePool.setLiquidityRate
DA:433,0
DA:449,0
FN:449,MockAavePool.setAvailableLiquidity
FNDA:0,MockAavePool.setAvailableLiquidity
DA:450,0
DA:474,39
FN:474,MockPoolAddressesProvider.constructor
FNDA:39,MockPoolAddressesProvider.constructor
DA:475,39
DA:491,39
FN:491,MockPoolAddressesProvider.getPool
FNDA:39,MockPoolAddressesProvider.getPool
DA:492,39
DA:508,0
FN:508,MockPoolAddressesProvider.getPriceOracle
FNDA:0,MockPoolAddressesProvider.getPriceOracle
DA:509,0
DA:534,1
FN:534,MockRewardsController.claimRewards
FNDA:1,MockRewardsController.claimRewards
DA:539,1
DA:540,1
DA:541,1
DA:542,1
BRDA:542,0,0,1
DA:543,1
DA:544,1
DA:547,1
DA:564,1
FN:564,MockRewardsController.getUserRewards
FNDA:1,MockRewardsController.getUserRewards
DA:568,1
DA:569,1
DA:570,1
DA:572,1
DA:589,1
FN:589,MockRewardsController.setPendingRewards
FNDA:1,MockRewardsController.setPendingRewards
DA:590,1
DA:615,2
FN:615,MockYieldShift.addYield
FNDA:2,MockYieldShift.addYield
DA:632,1
FN:632,MockYieldShift.getCurrentYieldShift
FNDA:1,MockYieldShift.getCurrentYieldShift
DA:633,1
DA:649,0
FN:649,MockYieldShift.setCurrentYieldShift
FNDA:0,MockYieldShift.setCurrentYieldShift
DA:650,0
DA:1885,1
FN:1885,MockERC20.constructor
FNDA:1,MockERC20.constructor
DA:1886,1
DA:1887,1
DA:1888,1
DA:1905,1
FN:1905,MockERC20.mint
FNDA:1,MockERC20.mint
DA:1906,1
DA:1907,1
DA:1908,1
DA:1926,1
FN:1926,MockERC20.transfer
FNDA:1,MockERC20.transfer
DA:1927,1
BRDA:1927,0,0,-
BRDA:1927,0,1,1
DA:1928,1
DA:1929,1
DA:1930,1
DA:1931,1
DA:1949,0
FN:1949,MockERC20.approve
FNDA:0,MockERC20.approve
DA:1950,0
DA:1951,0
DA:1952,0
DA:1971,0
FN:1971,MockERC20.transferFrom
FNDA:0,MockERC20.transferFrom
DA:1972,0
BRDA:1972,1,0,-
BRDA:1972,1,1,-
DA:1973,0
BRDA:1973,2,0,-
BRDA:1973,2,1,-
DA:1974,0
DA:1975,0
DA:1976,0
DA:1977,0
DA:1978,0
FNF:30
FNH:22
LF:121
LH:90
BRF:33
BRH:13
end_of_record
TN:
SF:test/ChainlinkOracle.t.sol
DA:41,93
FN:41,MockAggregatorV3.constructor
FNDA:93,MockAggregatorV3.constructor
DA:42,93
DA:43,93
DA:59,93
FN:59,MockAggregatorV3.setPrice
FNDA:93,MockAggregatorV3.setPrice
DA:60,93
DA:61,93
DA:77,2
FN:77,MockAggregatorV3.setShouldRevert
FNDA:2,MockAggregatorV3.setShouldRevert
DA:78,2
DA:94,1
FN:94,MockAggregatorV3.setShouldReturnInvalidPrice
FNDA:1,MockAggregatorV3.setShouldReturnInvalidPrice
DA:95,1
DA:111,6
FN:111,MockAggregatorV3.setUpdatedAt
FNDA:6,MockAggregatorV3.setUpdatedAt
DA:112,6
DA:132,125
FN:132,MockAggregatorV3.latestRoundData
FNDA:125,MockAggregatorV3.latestRoundData
DA:139,2
BRDA:139,0,0,2
DA:140,2
DA:143,1
BRDA:143,1,0,1
DA:144,1
DA:147,122
DA:167,0
FN:167,MockAggregatorV3.getRoundData
FNDA:0,MockAggregatorV3.getRoundData
DA:178,0
BRDA:178,2,0,-
DA:179,0
DA:182,0
BRDA:182,3,0,-
DA:183,0
DA:186,0
DA:202,106
FN:202,MockAggregatorV3.decimals
FNDA:106,MockAggregatorV3.decimals
DA:203,106
DA:219,0
FN:219,MockAggregatorV3.description
FNDA:0,MockAggregatorV3.description
DA:220,0
DA:236,0
FN:236,MockAggregatorV3.version
FNDA:0,MockAggregatorV3.version
DA:237,0
DA:1455,1
FN:1455,MockToken.mint
FNDA:1,MockToken.mint
DA:1456,1
DA:1474,1
FN:1474,MockToken.transfer
FNDA:1,MockToken.transfer
DA:1475,1
BRDA:1475,0,0,-
BRDA:1475,0,1,1
DA:1476,1
DA:1477,1
DA:1478,1
DA:1497,0
FN:1497,MockToken.transferFrom
FNDA:0,MockToken.transferFrom
DA:1498,0
BRDA:1498,1,0,-
BRDA:1498,1,1,-
DA:1499,0
BRDA:1499,2,0,-
BRDA:1499,2,1,-
DA:1500,0
DA:1501,0
DA:1502,0
DA:1503,0
DA:1521,0
FN:1521,MockToken.approve
FNDA:0,MockToken.approve
DA:1522,0
DA:1523,0
DA:1556,1
FN:1556,MockERC20.constructor
FNDA:1,MockERC20.constructor
DA:1557,1
DA:1558,1
DA:1559,1
DA:1576,1
FN:1576,MockERC20.mint
FNDA:1,MockERC20.mint
DA:1577,1
DA:1578,1
DA:1579,1
DA:1597,1
FN:1597,MockERC20.transfer
FNDA:1,MockERC20.transfer
DA:1598,1
BRDA:1598,0,0,-
BRDA:1598,0,1,1
DA:1599,1
DA:1600,1
DA:1601,1
DA:1602,1
DA:1620,0
FN:1620,MockERC20.approve
FNDA:0,MockERC20.approve
DA:1621,0
DA:1622,0
DA:1623,0
DA:1642,0
FN:1642,MockERC20.transferFrom
FNDA:0,MockERC20.transferFrom
DA:1643,0
BRDA:1643,1,0,-
BRDA:1643,1,1,-
DA:1644,0
BRDA:1644,2,0,-
BRDA:1644,2,1,-
DA:1645,0
DA:1646,0
DA:1647,0
DA:1648,0
DA:1649,0
FNF:19
FNH:12
LF:73
LH:41
BRF:16
BRH:4
end_of_record
TN:
SF:test/EconomicAttackVectors.t.sol
DA:644,0
FN:644,MockAggregatorV3.constructor
FNDA:0,MockAggregatorV3.constructor
DA:645,0
DA:646,0
DA:662,0
FN:662,MockAggregatorV3.setPrice
FNDA:0,MockAggregatorV3.setPrice
DA:663,0
DA:664,0
DA:665,0
DA:681,0
FN:681,MockAggregatorV3.setUpdatedAt
FNDA:0,MockAggregatorV3.setUpdatedAt
DA:682,0
DA:698,0
FN:698,MockAggregatorV3.setShouldRevert
FNDA:0,MockAggregatorV3.setShouldRevert
DA:699,0
DA:719,0
FN:719,MockAggregatorV3.latestRoundData
FNDA:0,MockAggregatorV3.latestRoundData
DA:726,0
BRDA:726,0,0,-
DA:727,0
DA:730,0
DA:751,0
FN:751,MockAggregatorV3.getRoundData
FNDA:0,MockAggregatorV3.getRoundData
DA:758,0
BRDA:758,1,0,-
DA:759,0
DA:762,0
DA:778,0
FN:778,MockAggregatorV3.description
FNDA:0,MockAggregatorV3.description
DA:779,0
DA:795,0
FN:795,MockAggregatorV3.version
FNDA:0,MockAggregatorV3.version
DA:796,0
DA:827,90
FN:827,MockUSDC.mint
FNDA:90,MockUSDC.mint
DA:828,90
DA:829,90
DA:847,20
FN:847,MockUSDC.transfer
FNDA:20,MockUSDC.transfer
DA:848,20
BRDA:848,0,0,-
BRDA:848,0,1,20
DA:849,20
DA:850,20
DA:851,20
DA:869,0
FN:869,MockUSDC.approve
FNDA:0,MockUSDC.approve
DA:870,0
DA:871,0
DA:890,0
FN:890,MockUSDC.transferFrom
FNDA:0,MockUSDC.transferFrom
DA:891,0
BRDA:891,1,0,-
BRDA:891,1,1,-
DA:892,0
BRDA:892,2,0,-
BRDA:892,2,1,-
DA:894,0
DA:895,0
DA:896,0
DA:898,0
FNF:12
FNH:2
LF:41
LH:8
BRF:8
BRH:1
end_of_record
TN:
SF:test/GasResourceEdgeCases.t.sol
DA:762,135
FN:762,MockUSDC.mint
FNDA:135,MockUSDC.mint
DA:763,135
DA:764,135
DA:794,94
FN:794,MockUSDC.transfer
FNDA:94,MockUSDC.transfer
DA:795,94
BRDA:795,0,0,1
BRDA:795,0,1,93
DA:796,93
DA:797,93
DA:798,93
DA:828,11
FN:828,MockUSDC.approve
FNDA:11,MockUSDC.approve
DA:829,11
DA:830,11
DA:861,11
FN:861,MockUSDC.transferFrom
FNDA:11,MockUSDC.transferFrom
DA:862,11
BRDA:862,1,0,-
BRDA:862,1,1,11
DA:863,11
BRDA:863,2,0,1
BRDA:863,2,1,10
DA:865,10
DA:866,10
DA:867,10
DA:869,10
DA:909,0
FN:909,MockAggregatorV3.setPrice
FNDA:0,MockAggregatorV3.setPrice
DA:910,0
DA:911,0
DA:912,0
DA:941,0
FN:941,MockAggregatorV3.setUpdatedAt
FNDA:0,MockAggregatorV3.setUpdatedAt
DA:942,0
DA:971,0
FN:971,MockAggregatorV3.setShouldRevert
FNDA:0,MockAggregatorV3.setShouldRevert
DA:972,0
DA:1005,0
FN:1005,MockAggregatorV3.latestRoundData
FNDA:0,MockAggregatorV3.latestRoundData
DA:1012,0
BRDA:1012,0,0,-
DA:1013,0
DA:1016,0
DA:1055,0
FN:1055,MockAggregatorV3.getRoundData
FNDA:0,MockAggregatorV3.getRoundData
DA:1062,0
BRDA:1062,1,0,-
DA:1063,0
DA:1066,0
DA:1101,0
FN:1101,MockAggregatorV3.description
FNDA:0,MockAggregatorV3.description
DA:1102,0
DA:1131,0
FN:1131,MockAggregatorV3.version
FNDA:0,MockAggregatorV3.version
DA:1132,0
DA:1161,0
FN:1161,MockAggregatorV3.decimals
FNDA:0,MockAggregatorV3.decimals
DA:1162,0
FNF:12
FNH:4
LF:40
LH:18
BRF:8
BRH:5
end_of_record
TN:
SF:test/GovernanceAttackVectors.t.sol
DA:827,150
FN:827,MockUSDC.mint
FNDA:150,MockUSDC.mint
DA:828,150
DA:829,150
DA:859,30
FN:859,MockUSDC.transfer
FNDA:30,MockUSDC.transfer
DA:860,30
BRDA:860,0,0,-
BRDA:860,0,1,30
DA:861,30
DA:862,30
DA:863,30
DA:893,0
FN:893,MockUSDC.approve
FNDA:0,MockUSDC.approve
DA:894,0
DA:895,0
DA:926,0
FN:926,MockUSDC.transferFrom
FNDA:0,MockUSDC.transferFrom
DA:927,0
BRDA:927,1,0,-
BRDA:927,1,1,-
DA:928,0
BRDA:928,2,0,-
BRDA:928,2,1,-
DA:930,0
DA:931,0
DA:932,0
DA:934,0
DA:974,0
FN:974,MockAggregatorV3.setPrice
FNDA:0,MockAggregatorV3.setPrice
DA:975,0
DA:976,0
DA:977,0
DA:1006,0
FN:1006,MockAggregatorV3.setUpdatedAt
FNDA:0,MockAggregatorV3.setUpdatedAt
DA:1007,0
DA:1036,0
FN:1036,MockAggregatorV3.setShouldRevert
FNDA:0,MockAggregatorV3.setShouldRevert
DA:1037,0
DA:1070,0
FN:1070,MockAggregatorV3.latestRoundData
FNDA:0,MockAggregatorV3.latestRoundData
DA:1077,0
BRDA:1077,0,0,-
DA:1078,0
DA:1081,0
DA:1120,0
FN:1120,MockAggregatorV3.getRoundData
FNDA:0,MockAggregatorV3.getRoundData
DA:1127,0
BRDA:1127,1,0,-
DA:1128,0
DA:1131,0
DA:1166,0
FN:1166,MockAggregatorV3.description
FNDA:0,MockAggregatorV3.description
DA:1167,0
DA:1196,0
FN:1196,MockAggregatorV3.version
FNDA:0,MockAggregatorV3.version
DA:1197,0
DA:1226,0
FN:1226,MockAggregatorV3.decimals
FNDA:0,MockAggregatorV3.decimals
DA:1227,0
FNF:12
FNH:2
LF:40
LH:8
BRF:8
BRH:1
end_of_record
TN:
SF:test/HedgerPool.t.sol
DA:2026,4
FN:2026,MockERC20.constructor
FNDA:4,MockERC20.constructor
DA:2027,4
DA:2028,4
DA:2045,3
FN:2045,MockERC20.mint
FNDA:3,MockERC20.mint
DA:2046,3
DA:2047,3
DA:2048,3
DA:2066,3
FN:2066,MockERC20.transfer
FNDA:3,MockERC20.transfer
DA:2067,3
BRDA:2067,0,0,-
BRDA:2067,0,1,3
DA:2068,3
DA:2069,3
DA:2070,3
DA:2071,3
DA:2089,0
FN:2089,MockERC20.approve
FNDA:0,MockERC20.approve
DA:2090,0
DA:2091,0
DA:2092,0
DA:2111,0
FN:2111,MockERC20.transferFrom
FNDA:0,MockERC20.transferFrom
DA:2112,0
BRDA:2112,1,0,-
BRDA:2112,1,1,-
DA:2113,0
BRDA:2113,2,0,-
BRDA:2113,2,1,-
DA:2114,0
DA:2115,0
DA:2116,0
DA:2117,0
DA:2118,0
FNF:5
FNH:3
LF:25
LH:13
BRF:6
BRH:1
end_of_record
TN:
SF:test/IntegrationEdgeCases.t.sol
DA:279,30
FN:279,MockUSDC.mint
FNDA:30,MockUSDC.mint
DA:280,30
DA:281,30
DA:299,5
FN:299,MockUSDC.transfer
FNDA:5,MockUSDC.transfer
DA:300,5
BRDA:300,0,0,-
BRDA:300,0,1,5
DA:301,5
DA:302,5
DA:303,5
DA:321,1
FN:321,MockUSDC.approve
FNDA:1,MockUSDC.approve
DA:322,1
DA:323,1
DA:342,1
FN:342,MockUSDC.transferFrom
FNDA:1,MockUSDC.transferFrom
DA:343,1
BRDA:343,1,0,-
BRDA:343,1,1,1
DA:344,1
BRDA:344,2,0,-
BRDA:344,2,1,1
DA:346,1
DA:347,1
DA:348,1
DA:350,1
DA:377,0
FN:377,MockAggregatorV3.setPrice
FNDA:0,MockAggregatorV3.setPrice
DA:378,0
DA:379,0
DA:380,0
DA:396,0
FN:396,MockAggregatorV3.setUpdatedAt
FNDA:0,MockAggregatorV3.setUpdatedAt
DA:397,0
DA:413,0
FN:413,MockAggregatorV3.setShouldRevert
FNDA:0,MockAggregatorV3.setShouldRevert
DA:414,0
DA:434,0
FN:434,MockAggregatorV3.latestRoundData
FNDA:0,MockAggregatorV3.latestRoundData
DA:441,0
BRDA:441,0,0,-
DA:442,0
DA:445,0
DA:472,0
FN:472,MockAggregatorV3.getRoundData
FNDA:0,MockAggregatorV3.getRoundData
DA:479,0
BRDA:479,1,0,-
DA:480,0
DA:483,0
DA:505,0
FN:505,MockAggregatorV3.description
FNDA:0,MockAggregatorV3.description
DA:506,0
DA:522,0
FN:522,MockAggregatorV3.version
FNDA:0,MockAggregatorV3.version
DA:523,0
DA:539,0
FN:539,MockAggregatorV3.decimals
FNDA:0,MockAggregatorV3.decimals
DA:540,0
FNF:12
FNH:4
LF:40
LH:18
BRF:8
BRH:3
end_of_record
TN:
SF:test/LiquidationEdgeCases.t.sol
DA:1022,0
FN:1022,MockAggregatorV3.constructor
FNDA:0,MockAggregatorV3.constructor
DA:1023,0
DA:1024,0
DA:1025,0
DA:1054,0
FN:1054,MockAggregatorV3.setPrice
FNDA:0,MockAggregatorV3.setPrice
DA:1055,0
DA:1056,0
DA:1057,0
DA:1086,0
FN:1086,MockAggregatorV3.setUpdatedAt
FNDA:0,MockAggregatorV3.setUpdatedAt
DA:1087,0
DA:1116,0
FN:1116,MockAggregatorV3.setShouldRevert
FNDA:0,MockAggregatorV3.setShouldRevert
DA:1117,0
DA:1150,0
FN:1150,MockAggregatorV3.latestRoundData
FNDA:0,MockAggregatorV3.latestRoundData
DA:1157,0
BRDA:1157,0,0,-
DA:1158,0
DA:1161,0
DA:1200,0
FN:1200,MockAggregatorV3.getRoundData
FNDA:0,MockAggregatorV3.getRoundData
DA:1207,0
BRDA:1207,1,0,-
DA:1208,0
DA:1211,0
DA:1246,0
FN:1246,MockAggregatorV3.description
FNDA:0,MockAggregatorV3.description
DA:1247,0
DA:1276,0
FN:1276,MockAggregatorV3.version
FNDA:0,MockAggregatorV3.version
DA:1277,0
DA:1321,64
FN:1321,MockUSDC.mint
FNDA:64,MockUSDC.mint
DA:1322,64
DA:1323,64
DA:1353,0
FN:1353,MockUSDC.approve
FNDA:0,MockUSDC.approve
DA:1354,0
DA:1355,0
DA:1385,1
FN:1385,MockUSDC.transfer
FNDA:1,MockUSDC.transfer
DA:1386,1
BRDA:1386,0,0,-
BRDA:1386,0,1,1
DA:1387,1
DA:1388,1
DA:1389,1
DA:1420,0
FN:1420,MockUSDC.transferFrom
FNDA:0,MockUSDC.transferFrom
DA:1421,0
BRDA:1421,1,0,-
BRDA:1421,1,1,-
DA:1422,0
BRDA:1422,2,0,-
BRDA:1422,2,1,-
DA:1424,0
DA:1425,0
DA:1426,0
DA:1428,0
FNF:12
FNH:2
LF:42
LH:8
BRF:8
BRH:1
end_of_record
TN:
SF:test/OracleEdgeCases.t.sol
DA:1037,36
FN:1037,MockAggregatorV3.constructor
FNDA:36,MockAggregatorV3.constructor
DA:1038,36
DA:1039,36
DA:1068,64
FN:1068,MockAggregatorV3.setPrice
FNDA:64,MockAggregatorV3.setPrice
DA:1069,64
DA:1070,64
DA:1099,8
FN:1099,MockAggregatorV3.setShouldRevert
FNDA:8,MockAggregatorV3.setShouldRevert
DA:1100,8
DA:1129,0
FN:1129,MockAggregatorV3.setShouldReturnInvalidPrice
FNDA:0,MockAggregatorV3.setShouldReturnInvalidPrice
DA:1130,0
DA:1159,26
FN:1159,MockAggregatorV3.setUpdatedAt
FNDA:26,MockAggregatorV3.setUpdatedAt
DA:1160,26
DA:1193,102
FN:1193,MockAggregatorV3.latestRoundData
FNDA:102,MockAggregatorV3.latestRoundData
DA:1200,5
BRDA:1200,0,0,5
DA:1201,5
DA:1204,0
BRDA:1204,1,0,-
DA:1205,0
DA:1208,97
DA:1237,88
FN:1237,MockAggregatorV3.decimals
FNDA:88,MockAggregatorV3.decimals
DA:1238,88
DA:1267,0
FN:1267,MockAggregatorV3.description
FNDA:0,MockAggregatorV3.description
DA:1268,0
DA:1297,0
FN:1297,MockAggregatorV3.version
FNDA:0,MockAggregatorV3.version
DA:1298,0
DA:1331,0
FN:1331,MockAggregatorV3.getRoundData
FNDA:0,MockAggregatorV3.getRoundData
DA:1338,0
BRDA:1338,2,0,-
DA:1339,0
DA:1342,0
BRDA:1342,3,0,-
DA:1343,0
DA:1346,0
FNF:10
FNH:6
LF:30
LH:16
BRF:4
BRH:1
end_of_record
TN:
SF:test/QEUROToken.t.sol
DA:2088,2
FN:2088,MockERC20.constructor
FNDA:2,MockERC20.constructor
DA:2089,2
DA:2090,2
DA:2107,1
FN:2107,MockERC20.mint
FNDA:1,MockERC20.mint
DA:2108,1
DA:2109,1
DA:2110,1
DA:2128,1
FN:2128,MockERC20.transfer
FNDA:1,MockERC20.transfer
DA:2129,1
BRDA:2129,0,0,-
BRDA:2129,0,1,1
DA:2130,1
DA:2131,1
DA:2132,1
DA:2133,1
DA:2151,0
FN:2151,MockERC20.approve
FNDA:0,MockERC20.approve
DA:2152,0
DA:2153,0
DA:2154,0
DA:2173,0
FN:2173,MockERC20.transferFrom
FNDA:0,MockERC20.transferFrom
DA:2174,0
BRDA:2174,1,0,-
BRDA:2174,1,1,-
DA:2175,0
BRDA:2175,2,0,-
BRDA:2175,2,1,-
DA:2176,0
DA:2177,0
DA:2178,0
DA:2179,0
DA:2180,0
FNF:5
FNH:3
LF:25
LH:13
BRF:6
BRH:1
end_of_record
TN:
SF:test/QTIToken.t.sol
DA:2124,2
FN:2124,MockERC20.constructor
FNDA:2,MockERC20.constructor
DA:2125,2
DA:2126,2
DA:2143,2
FN:2143,MockERC20.mint
FNDA:2,MockERC20.mint
DA:2144,2
DA:2145,2
DA:2146,2
DA:2164,1
FN:2164,MockERC20.transfer
FNDA:1,MockERC20.transfer
DA:2165,1
BRDA:2165,0,0,-
BRDA:2165,0,1,1
DA:2166,1
DA:2167,1
DA:2168,1
DA:2169,1
DA:2187,0
FN:2187,MockERC20.approve
FNDA:0,MockERC20.approve
DA:2188,0
DA:2189,0
DA:2190,0
DA:2209,0
FN:2209,MockERC20.transferFrom
FNDA:0,MockERC20.transferFrom
DA:2210,0
BRDA:2210,1,0,-
BRDA:2210,1,1,-
DA:2211,0
BRDA:2211,2,0,-
BRDA:2211,2,1,-
DA:2212,0
DA:2213,0
DA:2214,0
DA:2215,0
DA:2216,0
FNF:5
FNH:3
LF:25
LH:13
BRF:6
BRH:1
end_of_record
TN:
SF:test/QuantillonVault.t.sol
DA:39,1
FN:39,MockToken.mint
FNDA:1,MockToken.mint
DA:40,1
DA:58,1
FN:58,MockToken.transfer
FNDA:1,MockToken.transfer
DA:59,1
BRDA:59,0,0,-
BRDA:59,0,1,1
DA:60,1
DA:61,1
DA:62,1
DA:81,0
FN:81,MockToken.transferFrom
FNDA:0,MockToken.transferFrom
DA:82,0
BRDA:82,1,0,-
BRDA:82,1,1,-
DA:83,0
BRDA:83,2,0,-
BRDA:83,2,1,-
DA:84,0
DA:85,0
DA:86,0
DA:87,0
DA:105,0
FN:105,MockToken.approve
FNDA:0,MockToken.approve
DA:106,0
DA:107,0
DA:1432,3
FN:1432,MockERC20.constructor
FNDA:3,MockERC20.constructor
DA:1433,3
DA:1434,3
DA:1435,3
DA:1452,3
FN:1452,MockERC20.mint
FNDA:3,MockERC20.mint
DA:1453,3
DA:1454,3
DA:1455,3
DA:1473,3
FN:1473,MockERC20.transfer
FNDA:3,MockERC20.transfer
DA:1474,3
BRDA:1474,0,0,-
BRDA:1474,0,1,3
DA:1475,3
DA:1476,3
DA:1477,3
DA:1478,3
DA:1496,0
FN:1496,MockERC20.approve
FNDA:0,MockERC20.approve
DA:1497,0
DA:1498,0
DA:1499,0
FNF:8
FNH:5
LF:35
LH:21
BRF:8
BRH:2
end_of_record
TN:
SF:test/TimeBlockEdgeCases.t.sol
DA:729,110
FN:729,MockUSDC.mint
FNDA:110,MockUSDC.mint
DA:730,110
DA:731,110
DA:761,19
FN:761,MockUSDC.transfer
FNDA:19,MockUSDC.transfer
DA:762,19
BRDA:762,0,0,-
BRDA:762,0,1,19
DA:763,19
DA:764,19
DA:765,19
DA:795,8
FN:795,MockUSDC.approve
FNDA:8,MockUSDC.approve
DA:796,8
DA:797,8
DA:828,6
FN:828,MockUSDC.transferFrom
FNDA:6,MockUSDC.transferFrom
DA:829,6
BRDA:829,1,0,-
BRDA:829,1,1,6
DA:830,6
BRDA:830,2,0,-
BRDA:830,2,1,6
DA:832,6
DA:833,6
DA:834,6
DA:836,6
DA:876,0
FN:876,MockAggregatorV3.setPrice
FNDA:0,MockAggregatorV3.setPrice
DA:877,0
DA:878,0
DA:879,0
DA:908,0
FN:908,MockAggregatorV3.setUpdatedAt
FNDA:0,MockAggregatorV3.setUpdatedAt
DA:909,0
DA:938,0
FN:938,MockAggregatorV3.setShouldRevert
FNDA:0,MockAggregatorV3.setShouldRevert
DA:939,0
DA:972,0
FN:972,MockAggregatorV3.latestRoundData
FNDA:0,MockAggregatorV3.latestRoundData
DA:979,0
BRDA:979,0,0,-
DA:980,0
DA:983,0
DA:1022,0
FN:1022,MockAggregatorV3.getRoundData
FNDA:0,MockAggregatorV3.getRoundData
DA:1029,0
BRDA:1029,1,0,-
DA:1030,0
DA:1033,0
DA:1068,0
FN:1068,MockAggregatorV3.description
FNDA:0,MockAggregatorV3.description
DA:1069,0
DA:1098,0
FN:1098,MockAggregatorV3.version
FNDA:0,MockAggregatorV3.version
DA:1099,0
DA:1128,0
FN:1128,MockAggregatorV3.decimals
FNDA:0,MockAggregatorV3.decimals
DA:1129,0
FNF:12
FNH:4
LF:40
LH:18
BRF:8
BRH:3
end_of_record
TN:
SF:test/UserPool.t.sol
DA:1969,5
FN:1969,MockERC20.constructor
FNDA:5,MockERC20.constructor
DA:1970,5
DA:1971,5
DA:1988,4
FN:1988,MockERC20.mint
FNDA:4,MockERC20.mint
DA:1989,4
DA:1990,4
DA:1991,4
DA:2009,4
FN:2009,MockERC20.transfer
FNDA:4,MockERC20.transfer
DA:2010,4
BRDA:2010,0,0,-
BRDA:2010,0,1,4
DA:2011,4
DA:2012,4
DA:2013,4
DA:2014,4
DA:2032,0
FN:2032,MockERC20.approve
FNDA:0,MockERC20.approve
DA:2033,0
DA:2034,0
DA:2035,0
DA:2054,0
FN:2054,MockERC20.transferFrom
FNDA:0,MockERC20.transferFrom
DA:2055,0
BRDA:2055,1,0,-
BRDA:2055,1,1,-
DA:2056,0
BRDA:2056,2,0,-
BRDA:2056,2,1,-
DA:2057,0
DA:2058,0
DA:2059,0
DA:2060,0
DA:2061,0
DA:2088,0
FN:2088,MockQuantillonVault.mintQEURO
FNDA:0,MockQuantillonVault.mintQEURO
DA:2106,0
FN:2106,MockQuantillonVault.redeemQEURO
FNDA:0,MockQuantillonVault.redeemQEURO
FNF:7
FNH:3
LF:27
LH:13
BRF:6
BRH:1
end_of_record
TN:
SF:test/YieldShift.t.sol
DA:37,308
FN:37,MockUSDC.mint
FNDA:308,MockUSDC.mint
DA:38,308
DA:56,25
FN:56,MockUSDC.transfer
FNDA:25,MockUSDC.transfer
DA:57,25
BRDA:57,0,0,-
BRDA:57,0,1,25
DA:58,25
DA:59,25
DA:60,25
DA:79,18
FN:79,MockUSDC.transferFrom
FNDA:18,MockUSDC.transferFrom
DA:80,18
BRDA:80,1,0,1
BRDA:80,1,1,17
DA:81,17
BRDA:81,2,0,-
BRDA:81,2,1,17
DA:82,17
DA:83,17
DA:84,17
DA:85,17
DA:103,307
FN:103,MockUSDC.approve
FNDA:307,MockUSDC.approve
DA:104,307
DA:105,307
DA:130,111
FN:130,MockUserPool.getTotalDeposits
FNDA:111,MockUserPool.getTotalDeposits
DA:131,111
DA:150,2
FN:150,MockUserPool.getPoolMetrics
FNDA:2,MockUserPool.getPoolMetrics
DA:156,2
DA:157,2
DA:158,2
DA:159,2
DA:160,0
DA:176,7
FN:176,MockUserPool.setTotalDeposits
FNDA:7,MockUserPool.setTotalDeposits
DA:177,7
DA:193,0
FN:193,MockUserPool.setTotalUsers
FNDA:0,MockUserPool.setTotalUsers
DA:194,0
DA:219,111
FN:219,MockHedgerPool.getTotalHedgeExposure
FNDA:111,MockHedgerPool.getTotalHedgeExposure
DA:220,111
DA:240,0
FN:240,MockHedgerPool.getPoolStatistics
FNDA:0,MockHedgerPool.getPoolStatistics
DA:247,0
DA:248,0
DA:249,0
DA:250,0
DA:251,0
DA:252,0
DA:268,7
FN:268,MockHedgerPool.setTotalHedgeExposure
FNDA:7,MockHedgerPool.setTotalHedgeExposure
DA:269,7
DA:285,0
FN:285,MockHedgerPool.setActiveHedgers
FNDA:0,MockHedgerPool.setActiveHedgers
DA:286,0
DA:310,1
FN:310,MockAaveVault.harvestAaveYield
FNDA:1,MockAaveVault.harvestAaveYield
DA:311,1
DA:327,1
FN:327,MockAaveVault.setYieldAmount
FNDA:1,MockAaveVault.setYieldAmount
DA:328,1
DA:350,17
FN:350,MockStQEURO.distributeYield
FNDA:17,MockStQEURO.distributeYield
DA:2375,3
FN:2375,MockERC20.constructor
FNDA:3,MockERC20.constructor
DA:2376,3
DA:2377,3
DA:2394,2
FN:2394,MockERC20.mint
FNDA:2,MockERC20.mint
DA:2395,2
DA:2396,2
DA:2397,2
DA:2415,2
FN:2415,MockERC20.transfer
FNDA:2,MockERC20.transfer
DA:2416,2
BRDA:2416,0,0,-
BRDA:2416,0,1,2
DA:2417,2
DA:2418,2
DA:2419,2
DA:2420,2
DA:2438,0
FN:2438,MockERC20.approve
FNDA:0,MockERC20.approve
DA:2439,0
DA:2440,0
DA:2441,0
DA:2460,0
FN:2460,MockERC20.transferFrom
FNDA:0,MockERC20.transferFrom
DA:2461,0
BRDA:2461,1,0,-
BRDA:2461,1,1,-
DA:2462,0
BRDA:2462,2,0,-
BRDA:2462,2,1,-
DA:2463,0
DA:2464,0
DA:2465,0
DA:2466,0
DA:2467,0
FNF:20
FNH:15
LF:72
LH:48
BRF:12
BRH:5
end_of_record
TN:
SF:test/YieldStakingEdgeCases.t.sol
DA:708,0
FN:708,MockAggregatorV3.setPrice
FNDA:0,MockAggregatorV3.setPrice
DA:709,0
DA:710,0
DA:739,0
FN:739,MockAggregatorV3.setUpdatedAt
FNDA:0,MockAggregatorV3.setUpdatedAt
DA:740,0
DA:773,0
FN:773,MockAggregatorV3.latestRoundData
FNDA:0,MockAggregatorV3.latestRoundData
DA:780,0
DA:824,110
FN:824,MockUSDC.mint
FNDA:110,MockUSDC.mint
DA:825,110
DA:826,110
DA:856,27
FN:856,MockUSDC.transfer
FNDA:27,MockUSDC.transfer
DA:857,27
BRDA:857,0,0,-
BRDA:857,0,1,27
DA:858,27
DA:859,27
DA:860,27
DA:890,6
FN:890,MockUSDC.approve
FNDA:6,MockUSDC.approve
DA:891,6
DA:892,6
DA:923,6
FN:923,MockUSDC.transferFrom
FNDA:6,MockUSDC.transferFrom
DA:924,6
BRDA:924,1,0,-
BRDA:924,1,1,6
DA:925,6
BRDA:925,2,0,-
BRDA:925,2,1,6
DA:927,6
DA:928,6
DA:929,6
DA:931,6
FNF:7
FNH:4
LF:25
LH:18
BRF:6
BRH:3
end_of_record
TN:
SF:test/stQEUROToken.t.sol
DA:1778,0
FN:1778,MockYieldShift.getUserPendingYield
FNDA:0,MockYieldShift.getUserPendingYield
DA:1779,0
DA:1795,0
FN:1795,MockYieldShift.setMockPendingYield
FNDA:0,MockYieldShift.setMockPendingYield
DA:1796,0
DA:1829,2
FN:1829,MockERC20.constructor
FNDA:2,MockERC20.constructor
DA:1830,2
DA:1831,2
DA:1832,2
DA:1849,1
FN:1849,MockERC20.mint
FNDA:1,MockERC20.mint
DA:1850,1
DA:1851,1
DA:1852,1
DA:1870,1
FN:1870,MockERC20.transfer
FNDA:1,MockERC20.transfer
DA:1871,1
BRDA:1871,0,0,-
BRDA:1871,0,1,1
DA:1872,1
DA:1873,1
DA:1874,1
DA:1875,1
DA:1893,0
FN:1893,MockERC20.approve
FNDA:0,MockERC20.approve
DA:1894,0
DA:1895,0
DA:1896,0
DA:1915,0
FN:1915,MockERC20.transferFrom
FNDA:0,MockERC20.transferFrom
DA:1916,0
BRDA:1916,1,0,-
BRDA:1916,1,1,-
DA:1917,0
BRDA:1917,2,0,-
BRDA:1917,2,1,-
DA:1918,0
DA:1919,0
DA:1920,0
DA:1921,0
DA:1922,0
FNF:7
FNH:3
LF:30
LH:14
BRF:6
BRH:1
end_of_record
